2021-07-06T11:04:52+00:00	app.player_event	{"message":" | {\"event\":\"ui_change\",\"ui_play_state\":{\"player_state\":{\"paused\":true,\"playing\":true}},\"timestamp\":\"869486054517629\"}","tag":"app.player_event"}
2021-07-06T11:04:52+00:00	app.player_event	{"message":" | {\"event\":\"ui_change\",\"ui_play_state\":{\"player_state\":{\"paused\":false,\"playing\":true}},\"timestamp\":\"869486082034706\"}","tag":"app.player_event"}
2021-07-06T11:04:52+00:00	app.player_event	{"message":" | {\"event\":\"internal_change\",\"ui_play_state\":{\"player_state\":{\"paused\":false,\"playing\":true}},\"timestamp\":\"869486086234591\",\"internal_play_state\":{\"play_state\":3}}","tag":"app.player_event"}
2021-07-06T11:04:53+00:00	app.player_event	{"message":" | {\"event\":\"ui_change\",\"ui_play_state\":{\"player_state\":{\"paused\":true,\"playing\":true}},\"timestamp\":\"869487638825859\",\"internal_play_state\":{\"play_state\":3}}","tag":"app.player_event"}
2021-07-06T11:04:54+00:00	app.system_event	{"message":" | {\"frida_heap_size\":21,\"memory_private_dirty\":\"52 MB\",\"memory_total\":\"281 MB\"}","tag":"app.system_event"}
2021-07-06T11:04:54+00:00	app.player_event	{"message":" | {\"event\":\"internal_change\",\"ui_play_state\":{\"player_state\":{\"paused\":true,\"playing\":true}},\"timestamp\":\"869487840908705\",\"internal_play_state\":{\"play_state\":2}}","tag":"app.player_event"}
2021-07-06T11:04:56+00:00	app.system_event	{"message":" | {\"frida_heap_size\":21,\"memory_private_dirty\":\"52 MB\",\"memory_total\":\"282 MB\"}","tag":"app.system_event"}
2021-07-06T11:04:58+00:00	app.system_event	{"message":" | {\"frida_heap_size\":21,\"memory_private_dirty\":\"52 MB\",\"memory_total\":\"282 MB\"}","tag":"app.system_event"}
2021-07-06T11:04:58+00:00	app.player_event	{"message":" | {\"event\":\"ui_change\",\"ui_play_state\":{\"player_state\":{\"paused\":false,\"playing\":true}},\"timestamp\":\"869491854835587\",\"internal_play_state\":{\"play_state\":2}}","tag":"app.player_event"}
2021-07-06T11:04:58+00:00	app.player_event	{"message":" | {\"event\":\"internal_change\",\"ui_play_state\":{\"player_state\":{\"paused\":false,\"playing\":true}},\"timestamp\":\"869491862085433\",\"internal_play_state\":{\"play_state\":3}}","tag":"app.player_event"}
2021-07-06T11:05:00+00:00	app.system_event	{"message":" | {\"frida_heap_size\":21,\"memory_private_dirty\":\"52 MB\",\"memory_total\":\"286 MB\"}","tag":"app.system_event"}
2021-07-06T11:05:01+00:00	app.player_event	{"message":" | {\"event\":\"ui_change\",\"ui_play_state\":{\"player_state\":{\"paused\":true,\"playing\":true}},\"timestamp\":\"869495246178392\",\"internal_play_state\":{\"play_state\":3}}","tag":"app.player_event"}
2021-07-06T11:05:01+00:00	app.player_event	{"message":" | {\"event\":\"internal_change\",\"ui_play_state\":{\"player_state\":{\"paused\":true,\"playing\":true}},\"timestamp\":\"869495306022084\",\"internal_play_state\":{\"play_state\":2}}","tag":"app.player_event"}
2021-07-06T11:05:02+00:00	app.system_event	{"message":" | {\"frida_heap_size\":21,\"memory_private_dirty\":\"52 MB\",\"memory_total\":\"291 MB\"}","tag":"app.system_event"}
2021-07-06T11:05:04+00:00	app.system_event	{"message":" | {\"frida_heap_size\":21,\"memory_private_dirty\":\"52 MB\",\"memory_total\":\"291 MB\"}","tag":"app.system_event"}
2021-07-06T11:05:06+00:00	app.system_event	{"message":" | {\"frida_heap_size\":21,\"memory_private_dirty\":\"52 MB\",\"memory_total\":\"291 MB\"}","tag":"app.system_event"}
2021-07-06T11:05:08+00:00	app.system_event	{"message":" | {\"frida_heap_size\":21,\"memory_private_dirty\":\"52 MB\",\"memory_total\":\"292 MB\"}","tag":"app.system_event"}
2021-07-06T11:05:10+00:00	app.system_event	{"message":" | {\"frida_heap_size\":21,\"memory_private_dirty\":\"52 MB\",\"memory_total\":\"292 MB\"}","tag":"app.system_event"}
2021-07-06T11:05:12+00:00	app.system_event	{"message":" | {\"frida_heap_size\":21,\"memory_private_dirty\":\"52 MB\",\"memory_total\":\"292 MB\"}","tag":"app.system_event"}
2021-07-06T11:05:14+00:00	app.system_event	{"message":" | {\"frida_heap_size\":21,\"memory_private_dirty\":\"52 MB\",\"memory_total\":\"292 MB\"}","tag":"app.system_event"}
2021-07-06T11:05:15+00:00	app.player_event	{"message":" | {\"event\":\"ui_change\",\"ui_play_state\":{\"player_state\":{\"paused\":false,\"playing\":true}},\"timestamp\":\"869509097348844\",\"internal_play_state\":{\"play_state\":2}}","tag":"app.player_event"}
2021-07-06T11:05:15+00:00	app.player_event	{"message":" | {\"event\":\"internal_change\",\"ui_play_state\":{\"player_state\":{\"paused\":false,\"playing\":true}},\"timestamp\":\"869509100546267\",\"internal_play_state\":{\"play_state\":3}}","tag":"app.player_event"}
2021-07-06T11:05:16+00:00	app.system_event	{"message":" | {\"frida_heap_size\":21,\"memory_private_dirty\":\"52 MB\",\"memory_total\":\"297 MB\"}","tag":"app.system_event"}
2021-07-06T11:05:16+00:00	app.player_event	{"message":" | {\"event\":\"ui_change\",\"ui_play_state\":{\"player_state\":{\"paused\":true,\"playing\":true}},\"timestamp\":\"869510657190958\",\"internal_play_state\":{\"play_state\":3}}","tag":"app.player_event"}
2021-07-06T11:05:17+00:00	app.player_event	{"message":" | {\"event\":\"internal_change\",\"ui_play_state\":{\"player_state\":{\"paused\":true,\"playing\":true}},\"timestamp\":\"869510847700689\",\"internal_play_state\":{\"play_state\":2}}","tag":"app.player_event"}
2021-07-06T11:05:18+00:00	app.system_event	{"message":" | {\"frida_heap_size\":21,\"memory_private_dirty\":\"52 MB\",\"memory_total\":\"301 MB\"}","tag":"app.system_event"}
2021-07-06T11:05:20+00:00	app.system_event	{"message":" | {\"frida_heap_size\":21,\"memory_private_dirty\":\"52 MB\",\"memory_total\":\"301 MB\"}","tag":"app.system_event"}
2021-07-06T11:05:22+00:00	app.system_event	{"message":" | {\"frida_heap_size\":21,\"memory_private_dirty\":\"52 MB\",\"memory_total\":\"302 MB\"}","tag":"app.system_event"}
2021-07-06T11:05:24+00:00	app.system_event	{"message":" | {\"frida_heap_size\":21,\"memory_private_dirty\":\"52 MB\",\"memory_total\":\"302 MB\"}","tag":"app.system_event"}
2021-07-06T11:05:26+00:00	app.system_event	{"message":" | {\"frida_heap_size\":21,\"memory_private_dirty\":\"51 MB\",\"memory_total\":\"302 MB\"}","tag":"app.system_event"}
2021-07-06T11:05:27+00:00	app.player_event	{"message":" | {\"event\":\"internal_change\",\"ui_play_state\":{\"player_state\":{\"paused\":true,\"playing\":true}},\"timestamp\":\"869521363412873\",\"internal_play_state\":{\"play_state\":3}}","tag":"app.player_event"}
2021-07-06T11:05:27+00:00	app.player_event	{"message":" | {\"event\":\"ui_change\",\"ui_play_state\":{\"player_state\":{\"paused\":false,\"playing\":true}},\"timestamp\":\"869521371712604\",\"internal_play_state\":{\"play_state\":3}}","tag":"app.player_event"}
2021-07-06T11:05:28+00:00	app.system_event	{"message":" | {\"frida_heap_size\":21,\"memory_private_dirty\":\"52 MB\",\"memory_total\":\"306 MB\"}","tag":"app.system_event"}
2021-07-06T11:05:28+00:00	app.player_event	{"message":" | {\"event\":\"ui_change\",\"ui_play_state\":{\"player_state\":{\"paused\":true,\"playing\":true}},\"timestamp\":\"869521954707334\",\"internal_play_state\":{\"play_state\":3}}","tag":"app.player_event"}
2021-07-06T11:05:28+00:00	app.player_event	{"message":" | {\"event\":\"internal_change\",\"ui_play_state\":{\"player_state\":{\"paused\":true,\"playing\":true}},\"timestamp\":\"869522102365719\",\"internal_play_state\":{\"play_state\":2}}","tag":"app.player_event"}
2021-07-06T11:05:30+00:00	app.system_event	{"message":" | {\"frida_heap_size\":21,\"memory_private_dirty\":\"52 MB\",\"memory_total\":\"310 MB\"}","tag":"app.system_event"}
2021-07-06T11:05:32+00:00	app.system_event	{"message":" | {\"frida_heap_size\":21,\"memory_private_dirty\":\"52 MB\",\"memory_total\":\"310 MB\"}","tag":"app.system_event"}
2021-07-06T11:05:34+00:00	app.system_event	{"message":" | {\"frida_heap_size\":21,\"memory_private_dirty\":\"52 MB\",\"memory_total\":\"311 MB\"}","tag":"app.system_event"}
2021-07-06T11:05:36+00:00	app.system_event	{"message":" | {\"frida_heap_size\":21,\"memory_private_dirty\":\"52 MB\",\"memory_total\":\"311 MB\"}","tag":"app.system_event"}
2021-07-06T11:05:38+00:00	app.system_event	{"message":" | {\"frida_heap_size\":21,\"memory_private_dirty\":\"52 MB\",\"memory_total\":\"311 MB\"}","tag":"app.system_event"}
2021-07-06T11:05:40+00:00	app.system_event	{"message":" | {\"frida_heap_size\":21,\"memory_private_dirty\":\"52 MB\",\"memory_total\":\"311 MB\"}","tag":"app.system_event"}
2021-07-06T11:05:42+00:00	app.system_event	{"message":" | {\"frida_heap_size\":20,\"memory_private_dirty\":\"52 MB\",\"memory_total\":\"311 MB\"}","tag":"app.system_event"}
2021-07-06T11:05:44+00:00	app.system_event	{"message":" | {\"frida_heap_size\":20,\"memory_private_dirty\":\"52 MB\",\"memory_total\":\"311 MB\"}","tag":"app.system_event"}
2021-07-06T11:05:46+00:00	app.system_event	{"message":" | {\"frida_heap_size\":20,\"memory_private_dirty\":\"52 MB\",\"memory_total\":\"312 MB\"}","tag":"app.system_event"}
2021-07-06T11:05:48+00:00	app.system_event	{"message":" | {\"frida_heap_size\":20,\"memory_private_dirty\":\"52 MB\",\"memory_total\":\"313 MB\"}","tag":"app.system_event"}
2021-07-06T11:05:50+00:00	app.system_event	{"message":" | {\"frida_heap_size\":20,\"memory_private_dirty\":\"52 MB\",\"memory_total\":\"313 MB\"}","tag":"app.system_event"}
2021-07-06T11:05:52+00:00	app.system_event	{"message":" | {\"frida_heap_size\":21,\"memory_private_dirty\":\"52 MB\",\"memory_total\":\"313 MB\"}","tag":"app.system_event"}
2021-07-06T11:05:54+00:00	app.system_event	{"message":" | {\"frida_heap_size\":21,\"memory_private_dirty\":\"52 MB\",\"memory_total\":\"313 MB\"}","tag":"app.system_event"}
2021-07-06T11:05:56+00:00	app.system_event	{"message":" | {\"frida_heap_size\":21,\"memory_private_dirty\":\"52 MB\",\"memory_total\":\"313 MB\"}","tag":"app.system_event"}
2021-07-06T11:05:58+00:00	app.system_event	{"message":" | {\"frida_heap_size\":21,\"memory_private_dirty\":\"52 MB\",\"memory_total\":\"314 MB\"}","tag":"app.system_event"}
2021-07-06T11:06:00+00:00	app.system_event	{"message":" | {\"frida_heap_size\":21,\"memory_private_dirty\":\"52 MB\",\"memory_total\":\"314 MB\"}","tag":"app.system_event"}
2021-07-06T11:06:02+00:00	app.system_event	{"message":" | {\"frida_heap_size\":21,\"memory_private_dirty\":\"52 MB\",\"memory_total\":\"314 MB\"}","tag":"app.system_event"}
2021-07-06T11:06:04+00:00	app.system_event	{"message":" | {\"frida_heap_size\":21,\"memory_private_dirty\":\"52 MB\",\"memory_total\":\"314 MB\"}","tag":"app.system_event"}
2021-07-06T11:06:06+00:00	app.system_event	{"message":" | {\"frida_heap_size\":21,\"memory_private_dirty\":\"52 MB\",\"memory_total\":\"314 MB\"}","tag":"app.system_event"}
2021-07-06T11:06:08+00:00	app.system_event	{"message":" | {\"frida_heap_size\":20,\"memory_private_dirty\":\"52 MB\",\"memory_total\":\"315 MB\"}","tag":"app.system_event"}
2021-07-06T11:06:10+00:00	app.system_event	{"message":" | {\"frida_heap_size\":20,\"memory_private_dirty\":\"52 MB\",\"memory_total\":\"315 MB\"}","tag":"app.system_event"}
2021-07-06T11:06:12+00:00	app.system_event	{"message":" | {\"frida_heap_size\":20,\"memory_private_dirty\":\"52 MB\",\"memory_total\":\"315 MB\"}","tag":"app.system_event"}
2021-07-06T11:06:14+00:00	app.system_event	{"message":" | {\"frida_heap_size\":20,\"memory_private_dirty\":\"52 MB\",\"memory_total\":\"315 MB\"}","tag":"app.system_event"}
2021-07-06T11:06:16+00:00	app.system_event	{"message":" | {\"frida_heap_size\":20,\"memory_private_dirty\":\"52 MB\",\"memory_total\":\"315 MB\"}","tag":"app.system_event"}
2021-07-06T11:06:18+00:00	app.system_event	{"message":" | {\"frida_heap_size\":20,\"memory_private_dirty\":\"52 MB\",\"memory_total\":\"315 MB\"}","tag":"app.system_event"}
2021-07-06T11:06:20+00:00	app.system_event	{"message":" | {\"frida_heap_size\":20,\"memory_private_dirty\":\"52 MB\",\"memory_total\":\"316 MB\"}","tag":"app.system_event"}
2021-07-06T11:06:22+00:00	app.system_event	{"message":" | {\"frida_heap_size\":20,\"memory_private_dirty\":\"52 MB\",\"memory_total\":\"316 MB\"}","tag":"app.system_event"}
2021-07-06T11:06:24+00:00	app.system_event	{"message":" | {\"frida_heap_size\":20,\"memory_private_dirty\":\"52 MB\",\"memory_total\":\"316 MB\"}","tag":"app.system_event"}
2021-07-06T11:06:26+00:00	app.system_event	{"message":" | {\"frida_heap_size\":20,\"memory_private_dirty\":\"52 MB\",\"memory_total\":\"316 MB\"}","tag":"app.system_event"}
2021-07-06T11:06:28+00:00	app.system_event	{"message":" | {\"frida_heap_size\":20,\"memory_private_dirty\":\"52 MB\",\"memory_total\":\"316 MB\"}","tag":"app.system_event"}
2021-07-06T11:06:30+00:00	app.system_event	{"message":" | {\"frida_heap_size\":20,\"memory_private_dirty\":\"52 MB\",\"memory_total\":\"317 MB\"}","tag":"app.system_event"}
2021-07-06T11:06:32+00:00	app.system_event	{"message":" | {\"frida_heap_size\":20,\"memory_private_dirty\":\"52 MB\",\"memory_total\":\"317 MB\"}","tag":"app.system_event"}
2021-07-06T11:06:34+00:00	app.system_event	{"message":" | {\"frida_heap_size\":20,\"memory_private_dirty\":\"52 MB\",\"memory_total\":\"317 MB\"}","tag":"app.system_event"}
2021-07-06T11:06:36+00:00	app.system_event	{"message":" | {\"frida_heap_size\":20,\"memory_private_dirty\":\"52 MB\",\"memory_total\":\"317 MB\"}","tag":"app.system_event"}
2021-07-06T11:06:38+00:00	app.system_event	{"message":" | {\"frida_heap_size\":20,\"memory_private_dirty\":\"52 MB\",\"memory_total\":\"318 MB\"}","tag":"app.system_event"}
2021-07-06T11:06:40+00:00	app.system_event	{"message":" | {\"frida_heap_size\":20,\"memory_private_dirty\":\"52 MB\",\"memory_total\":\"318 MB\"}","tag":"app.system_event"}
2021-07-06T11:06:42+00:00	app.system_event	{"message":" | {\"frida_heap_size\":20,\"memory_private_dirty\":\"52 MB\",\"memory_total\":\"318 MB\"}","tag":"app.system_event"}
2021-07-06T11:06:44+00:00	app.system_event	{"message":" | {\"frida_heap_size\":20,\"memory_private_dirty\":\"52 MB\",\"memory_total\":\"318 MB\"}","tag":"app.system_event"}
2021-07-06T11:06:46+00:00	app.system_event	{"message":" | {\"frida_heap_size\":20,\"memory_private_dirty\":\"52 MB\",\"memory_total\":\"318 MB\"}","tag":"app.system_event"}
2021-07-06T11:06:48+00:00	app.system_event	{"message":" | {\"frida_heap_size\":20,\"memory_private_dirty\":\"52 MB\",\"memory_total\":\"318 MB\"}","tag":"app.system_event"}
2021-07-06T11:06:50+00:00	app.system_event	{"message":" | {\"frida_heap_size\":20,\"memory_private_dirty\":\"52 MB\",\"memory_total\":\"318 MB\"}","tag":"app.system_event"}
2021-07-06T11:06:52+00:00	app.system_event	{"message":" | {\"frida_heap_size\":20,\"memory_private_dirty\":\"52 MB\",\"memory_total\":\"319 MB\"}","tag":"app.system_event"}
2021-07-06T11:06:54+00:00	app.system_event	{"message":" | {\"frida_heap_size\":20,\"memory_private_dirty\":\"52 MB\",\"memory_total\":\"319 MB\"}","tag":"app.system_event"}
2021-07-06T11:08:56+00:00	app.system_event	{"message":" | {\"frida_heap_size\":24,\"memory_private_dirty\":\"56 MB\",\"memory_total\":\"215 MB\"}","tag":"app.system_event"}
2021-07-06T11:08:56+00:00	app.system_event	{"message":" | [object Object]","tag":"app.system_event"}
2021-07-06T11:08:58+00:00	app.system_event	{"message":" | {\"frida_heap_size\":24,\"memory_private_dirty\":\"56 MB\",\"memory_total\":\"215 MB\"}","tag":"app.system_event"}
2021-07-06T11:09:00+00:00	app.system_event	{"message":" | {\"frida_heap_size\":24,\"memory_private_dirty\":\"56 MB\",\"memory_total\":\"215 MB\"}","tag":"app.system_event"}
2021-07-06T11:09:02+00:00	app.system_event	{"message":" | {\"frida_heap_size\":24,\"memory_private_dirty\":\"56 MB\",\"memory_total\":\"215 MB\"}","tag":"app.system_event"}
2021-07-06T11:09:04+00:00	app.system_event	{"message":" | {\"frida_heap_size\":24,\"memory_private_dirty\":\"56 MB\",\"memory_total\":\"215 MB\"}","tag":"app.system_event"}
2021-07-06T11:09:06+00:00	app.system_event	{"message":" | {\"frida_heap_size\":24,\"memory_private_dirty\":\"56 MB\",\"memory_total\":\"215 MB\"}","tag":"app.system_event"}
2021-07-06T11:09:08+00:00	app.system_event	{"message":" | {\"frida_heap_size\":24,\"memory_private_dirty\":\"56 MB\",\"memory_total\":\"215 MB\"}","tag":"app.system_event"}
2021-07-06T11:09:10+00:00	app.system_event	{"message":" | {\"frida_heap_size\":24,\"memory_private_dirty\":\"56 MB\",\"memory_total\":\"215 MB\"}","tag":"app.system_event"}
2021-07-06T11:09:12+00:00	app.system_event	{"message":" | {\"frida_heap_size\":24,\"memory_private_dirty\":\"56 MB\",\"memory_total\":\"215 MB\"}","tag":"app.system_event"}
2021-07-06T11:09:14+00:00	app.system_event	{"message":" | {\"frida_heap_size\":24,\"memory_private_dirty\":\"56 MB\",\"memory_total\":\"215 MB\"}","tag":"app.system_event"}
2021-07-06T11:09:16+00:00	app.system_event	{"message":" | {\"frida_heap_size\":24,\"memory_private_dirty\":\"56 MB\",\"memory_total\":\"215 MB\"}","tag":"app.system_event"}
2021-07-06T11:09:18+00:00	app.system_event	{"message":" | {\"frida_heap_size\":24,\"memory_private_dirty\":\"56 MB\",\"memory_total\":\"215 MB\"}","tag":"app.system_event"}
2021-07-06T11:09:20+00:00	app.system_event	{"message":" | {\"frida_heap_size\":24,\"memory_private_dirty\":\"56 MB\",\"memory_total\":\"215 MB\"}","tag":"app.system_event"}
2021-07-06T11:09:22+00:00	app.system_event	{"message":" | {\"frida_heap_size\":24,\"memory_private_dirty\":\"56 MB\",\"memory_total\":\"215 MB\"}","tag":"app.system_event"}
2021-07-06T11:09:24+00:00	app.system_event	{"message":" | {\"frida_heap_size\":24,\"memory_private_dirty\":\"56 MB\",\"memory_total\":\"215 MB\"}","tag":"app.system_event"}
2021-07-06T11:09:26+00:00	app.system_event	{"message":" | {\"frida_heap_size\":24,\"memory_private_dirty\":\"56 MB\",\"memory_total\":\"215 MB\"}","tag":"app.system_event"}
2021-07-06T11:09:30+00:00	app.system_event	{"message":" | {\"frida_heap_size\":25,\"memory_private_dirty\":\"56 MB\",\"memory_total\":\"217 MB\"}","tag":"app.system_event"}
2021-07-06T11:09:30+00:00	app.system_init	{"message":" | [object Object]","tag":"app.system_init"}
2021-07-06T11:09:32+00:00	app.system_event	{"message":" | {\"frida_heap_size\":25,\"memory_private_dirty\":\"56 MB\",\"memory_total\":\"217 MB\"}","tag":"app.system_event"}
2021-07-06T11:09:34+00:00	app.system_event	{"message":" | {\"frida_heap_size\":25,\"memory_private_dirty\":\"56 MB\",\"memory_total\":\"217 MB\"}","tag":"app.system_event"}
2021-07-06T11:09:36+00:00	app.system_event	{"message":" | {\"frida_heap_size\":25,\"memory_private_dirty\":\"56 MB\",\"memory_total\":\"217 MB\"}","tag":"app.system_event"}
2021-07-06T11:09:38+00:00	app.system_event	{"message":" | {\"frida_heap_size\":25,\"memory_private_dirty\":\"56 MB\",\"memory_total\":\"217 MB\"}","tag":"app.system_event"}
2021-07-06T11:09:40+00:00	app.system_event	{"message":" | {\"frida_heap_size\":25,\"memory_private_dirty\":\"56 MB\",\"memory_total\":\"217 MB\"}","tag":"app.system_event"}
2021-07-06T11:09:47+00:00	app.system_event	{"message":" | {\"frida_heap_size\":35,\"memory_private_dirty\":\"56 MB\",\"memory_total\":\"221 MB\"}","tag":"app.system_event"}
2021-07-06T11:09:47+00:00	app.system_init	{"message":" | [object Object]","tag":"app.system_init"}
2021-07-06T11:09:49+00:00	app.system_event	{"message":" | {\"frida_heap_size\":27,\"memory_private_dirty\":\"56 MB\",\"memory_total\":\"219 MB\"}","tag":"app.system_event"}
2021-07-06T11:09:49+00:00	app.system_init	{"message":" | [object Object]","tag":"app.system_init"}
2021-07-06T11:09:52+00:00	app.system_event	{"message":" | {\"frida_heap_size\":36,\"memory_private_dirty\":\"56 MB\",\"memory_total\":\"222 MB\"}","tag":"app.system_event"}
2021-07-06T11:09:52+00:00	app.system_init	{"message":" | [object Object]","tag":"app.system_init"}
2021-07-06T11:09:56+00:00	app.system_event	{"message":" | {\"frida_heap_size\":28,\"memory_private_dirty\":\"56 MB\",\"memory_total\":\"222 MB\"}","tag":"app.system_event"}
2021-07-06T11:09:56+00:00	app.system_init	{"message":" | [object Object]","tag":"app.system_init"}
2021-07-06T11:09:58+00:00	app.system_event	{"message":" | {\"frida_heap_size\":28,\"memory_private_dirty\":\"56 MB\",\"memory_total\":\"222 MB\"}","tag":"app.system_event"}
2021-07-06T11:10:00+00:00	app.system_event	{"message":" | {\"frida_heap_size\":28,\"memory_private_dirty\":\"56 MB\",\"memory_total\":\"222 MB\"}","tag":"app.system_event"}
2021-07-06T11:10:02+00:00	app.system_event	{"message":" | {\"frida_heap_size\":28,\"memory_private_dirty\":\"56 MB\",\"memory_total\":\"222 MB\"}","tag":"app.system_event"}
2021-07-06T11:10:04+00:00	app.system_event	{"message":" | {\"frida_heap_size\":28,\"memory_private_dirty\":\"56 MB\",\"memory_total\":\"222 MB\"}","tag":"app.system_event"}
2021-07-06T11:10:06+00:00	app.system_event	{"message":" | {\"frida_heap_size\":28,\"memory_private_dirty\":\"56 MB\",\"memory_total\":\"222 MB\"}","tag":"app.system_event"}
2021-07-06T11:10:08+00:00	app.system_event	{"message":" | {\"frida_heap_size\":28,\"memory_private_dirty\":\"56 MB\",\"memory_total\":\"222 MB\"}","tag":"app.system_event"}
2021-07-06T11:10:10+00:00	app.system_event	{"message":" | {\"frida_heap_size\":28,\"memory_private_dirty\":\"56 MB\",\"memory_total\":\"222 MB\"}","tag":"app.system_event"}
2021-07-06T11:10:12+00:00	app.system_event	{"message":" | {\"frida_heap_size\":28,\"memory_private_dirty\":\"56 MB\",\"memory_total\":\"222 MB\"}","tag":"app.system_event"}
2021-07-06T11:57:03+00:00	app.system_event	{"message":" | {\"frida_heap_size\":19,\"memory_private_dirty\":\"48 MB\",\"memory_total\":\"122 MB\"}","tag":"app.system_event"}
2021-07-06T11:57:05+00:00	app.system_event	{"message":" | {\"frida_heap_size\":20,\"memory_private_dirty\":\"48 MB\",\"memory_total\":\"123 MB\"}","tag":"app.system_event"}
2021-07-06T11:57:07+00:00	app.system_event	{"message":" | {\"frida_heap_size\":20,\"memory_private_dirty\":\"48 MB\",\"memory_total\":\"125 MB\"}","tag":"app.system_event"}
2021-07-06T11:57:09+00:00	app.system_event	{"message":" | {\"frida_heap_size\":20,\"memory_private_dirty\":\"47 MB\",\"memory_total\":\"125 MB\"}","tag":"app.system_event"}
2021-07-06T11:57:11+00:00	app.system_event	{"message":" | {\"frida_heap_size\":20,\"memory_private_dirty\":\"41 MB\",\"memory_total\":\"119 MB\"}","tag":"app.system_event"}
2021-07-06T11:57:13+00:00	app.system_event	{"message":" | {\"frida_heap_size\":20,\"memory_private_dirty\":\"38 MB\",\"memory_total\":\"116 MB\"}","tag":"app.system_event"}
2021-07-06T11:57:15+00:00	app.system_event	{"message":" | {\"frida_heap_size\":20,\"memory_private_dirty\":\"37 MB\",\"memory_total\":\"115 MB\"}","tag":"app.system_event"}
2021-07-06T11:57:17+00:00	app.system_event	{"message":" | {\"frida_heap_size\":21,\"memory_private_dirty\":\"41 MB\",\"memory_total\":\"136 MB\"}","tag":"app.system_event"}
2021-07-06T11:57:19+00:00	app.system_event	{"message":" | {\"frida_heap_size\":23,\"memory_private_dirty\":\"40 MB\",\"memory_total\":\"187 MB\"}","tag":"app.system_event"}
2021-07-06T11:57:21+00:00	app.system_event	{"message":" | {\"frida_heap_size\":23,\"memory_private_dirty\":\"40 MB\",\"memory_total\":\"190 MB\"}","tag":"app.system_event"}
2021-07-06T11:57:23+00:00	app.system_event	{"message":" | {\"frida_heap_size\":23,\"memory_private_dirty\":\"40 MB\",\"memory_total\":\"190 MB\"}","tag":"app.system_event"}
2021-07-06T11:57:25+00:00	app.system_event	{"message":" | {\"frida_heap_size\":23,\"memory_private_dirty\":\"40 MB\",\"memory_total\":\"190 MB\"}","tag":"app.system_event"}
2021-07-06T11:57:27+00:00	app.system_event	{"message":" | {\"frida_heap_size\":23,\"memory_private_dirty\":\"55 MB\",\"memory_total\":\"205 MB\"}","tag":"app.system_event"}
2021-07-06T11:57:29+00:00	app.system_event	{"message":" | {\"frida_heap_size\":23,\"memory_private_dirty\":\"55 MB\",\"memory_total\":\"206 MB\"}","tag":"app.system_event"}
2021-07-06T11:57:31+00:00	app.system_event	{"message":" | {\"frida_heap_size\":23,\"memory_private_dirty\":\"55 MB\",\"memory_total\":\"206 MB\"}","tag":"app.system_event"}
2021-07-06T11:57:33+00:00	app.system_event	{"message":" | {\"frida_heap_size\":23,\"memory_private_dirty\":\"55 MB\",\"memory_total\":\"207 MB\"}","tag":"app.system_event"}
2021-07-06T11:57:35+00:00	app.system_event	{"message":" | {\"frida_heap_size\":23,\"memory_private_dirty\":\"55 MB\",\"memory_total\":\"207 MB\"}","tag":"app.system_event"}
2021-07-06T11:57:37+00:00	app.system_event	{"message":" | {\"frida_heap_size\":24,\"memory_private_dirty\":\"55 MB\",\"memory_total\":\"207 MB\"}","tag":"app.system_event"}
2021-07-06T11:57:39+00:00	app.system_event	{"message":" | {\"frida_heap_size\":24,\"memory_private_dirty\":\"55 MB\",\"memory_total\":\"207 MB\"}","tag":"app.system_event"}
2021-07-06T11:57:41+00:00	app.system_event	{"message":" | {\"frida_heap_size\":24,\"memory_private_dirty\":\"55 MB\",\"memory_total\":\"207 MB\"}","tag":"app.system_event"}
2021-07-06T11:57:43+00:00	app.system_event	{"message":" | {\"frida_heap_size\":24,\"memory_private_dirty\":\"55 MB\",\"memory_total\":\"207 MB\"}","tag":"app.system_event"}
2021-07-06T11:57:45+00:00	app.system_event	{"message":" | {\"frida_heap_size\":24,\"memory_private_dirty\":\"55 MB\",\"memory_total\":\"207 MB\"}","tag":"app.system_event"}
2021-07-06T11:57:47+00:00	app.system_event	{"message":" | {\"frida_heap_size\":23,\"memory_private_dirty\":\"55 MB\",\"memory_total\":\"207 MB\"}","tag":"app.system_event"}
2021-07-06T11:57:49+00:00	app.system_event	{"message":" | {\"frida_heap_size\":23,\"memory_private_dirty\":\"55 MB\",\"memory_total\":\"207 MB\"}","tag":"app.system_event"}
2021-07-06T11:57:49+00:00	app.system_init	{"message":" | [object Object]","tag":"app.system_init"}
2021-07-06T11:57:51+00:00	app.system_event	{"message":" | {\"frida_heap_size\":23,\"memory_private_dirty\":\"55 MB\",\"memory_total\":\"207 MB\"}","tag":"app.system_event"}
2021-07-06T11:57:53+00:00	app.system_event	{"message":" | {\"frida_heap_size\":23,\"memory_private_dirty\":\"55 MB\",\"memory_total\":\"207 MB\"}","tag":"app.system_event"}
2021-07-06T11:57:55+00:00	app.system_event	{"message":" | {\"frida_heap_size\":23,\"memory_private_dirty\":\"55 MB\",\"memory_total\":\"207 MB\"}","tag":"app.system_event"}
2021-07-06T11:57:57+00:00	app.system_event	{"message":" | {\"frida_heap_size\":23,\"memory_private_dirty\":\"55 MB\",\"memory_total\":\"207 MB\"}","tag":"app.system_event"}
2021-07-06T11:57:59+00:00	app.system_event	{"message":" | {\"frida_heap_size\":23,\"memory_private_dirty\":\"55 MB\",\"memory_total\":\"208 MB\"}","tag":"app.system_event"}
2021-07-06T11:58:01+00:00	app.system_event	{"message":" | {\"frida_heap_size\":24,\"memory_private_dirty\":\"55 MB\",\"memory_total\":\"208 MB\"}","tag":"app.system_event"}
2021-07-06T11:58:03+00:00	app.system_event	{"message":" | {\"frida_heap_size\":24,\"memory_private_dirty\":\"53 MB\",\"memory_total\":\"206 MB\"}","tag":"app.system_event"}
2021-07-06T11:58:05+00:00	app.system_event	{"message":" | {\"frida_heap_size\":23,\"memory_private_dirty\":\"53 MB\",\"memory_total\":\"206 MB\"}","tag":"app.system_event"}
2021-07-06T11:58:07+00:00	app.system_event	{"message":" | {\"frida_heap_size\":23,\"memory_private_dirty\":\"53 MB\",\"memory_total\":\"206 MB\"}","tag":"app.system_event"}
2021-07-06T11:58:09+00:00	app.system_event	{"message":" | {\"frida_heap_size\":23,\"memory_private_dirty\":\"53 MB\",\"memory_total\":\"206 MB\"}","tag":"app.system_event"}
2021-07-06T11:58:11+00:00	app.system_event	{"message":" | {\"frida_heap_size\":23,\"memory_private_dirty\":\"53 MB\",\"memory_total\":\"206 MB\"}","tag":"app.system_event"}
2021-07-06T11:58:13+00:00	app.system_event	{"message":" | {\"frida_heap_size\":23,\"memory_private_dirty\":\"53 MB\",\"memory_total\":\"206 MB\"}","tag":"app.system_event"}
2021-07-06T11:58:15+00:00	app.system_event	{"message":" | {\"frida_heap_size\":23,\"memory_private_dirty\":\"53 MB\",\"memory_total\":\"206 MB\"}","tag":"app.system_event"}
2021-07-06T11:58:17+00:00	app.system_event	{"message":" | {\"frida_heap_size\":23,\"memory_private_dirty\":\"53 MB\",\"memory_total\":\"206 MB\"}","tag":"app.system_event"}
2021-07-06T11:58:19+00:00	app.system_event	{"message":" | {\"frida_heap_size\":23,\"memory_private_dirty\":\"53 MB\",\"memory_total\":\"206 MB\"}","tag":"app.system_event"}
2021-07-06T11:58:21+00:00	app.system_event	{"message":" | {\"frida_heap_size\":23,\"memory_private_dirty\":\"53 MB\",\"memory_total\":\"206 MB\"}","tag":"app.system_event"}
2021-07-06T11:58:23+00:00	app.system_event	{"message":" | {\"frida_heap_size\":23,\"memory_private_dirty\":\"53 MB\",\"memory_total\":\"206 MB\"}","tag":"app.system_event"}
2021-07-06T11:58:25+00:00	app.system_event	{"message":" | {\"frida_heap_size\":23,\"memory_private_dirty\":\"53 MB\",\"memory_total\":\"206 MB\"}","tag":"app.system_event"}
2021-07-06T11:58:27+00:00	app.system_event	{"message":" | {\"frida_heap_size\":23,\"memory_private_dirty\":\"53 MB\",\"memory_total\":\"206 MB\"}","tag":"app.system_event"}
2021-07-06T11:58:29+00:00	app.system_event	{"message":" | {\"frida_heap_size\":23,\"memory_private_dirty\":\"53 MB\",\"memory_total\":\"206 MB\"}","tag":"app.system_event"}
2021-07-06T11:58:31+00:00	app.system_event	{"message":" | {\"frida_heap_size\":23,\"memory_private_dirty\":\"53 MB\",\"memory_total\":\"206 MB\"}","tag":"app.system_event"}
2021-07-06T11:58:33+00:00	app.system_event	{"message":" | {\"frida_heap_size\":23,\"memory_private_dirty\":\"53 MB\",\"memory_total\":\"206 MB\"}","tag":"app.system_event"}
2021-07-06T11:58:35+00:00	app.system_event	{"message":" | {\"frida_heap_size\":23,\"memory_private_dirty\":\"53 MB\",\"memory_total\":\"206 MB\"}","tag":"app.system_event"}
2021-07-06T11:58:37+00:00	app.system_event	{"message":" | {\"frida_heap_size\":23,\"memory_private_dirty\":\"53 MB\",\"memory_total\":\"206 MB\"}","tag":"app.system_event"}
2021-07-06T11:58:39+00:00	app.system_event	{"message":" | {\"frida_heap_size\":23,\"memory_private_dirty\":\"53 MB\",\"memory_total\":\"206 MB\"}","tag":"app.system_event"}
2021-07-06T11:58:41+00:00	app.system_event	{"message":" | {\"frida_heap_size\":23,\"memory_private_dirty\":\"53 MB\",\"memory_total\":\"206 MB\"}","tag":"app.system_event"}
2021-07-06T11:58:43+00:00	app.system_event	{"message":" | {\"frida_heap_size\":23,\"memory_private_dirty\":\"53 MB\",\"memory_total\":\"206 MB\"}","tag":"app.system_event"}
2021-07-06T11:58:45+00:00	app.system_event	{"message":" | {\"frida_heap_size\":23,\"memory_private_dirty\":\"53 MB\",\"memory_total\":\"206 MB\"}","tag":"app.system_event"}
2021-07-06T11:58:47+00:00	app.system_event	{"message":" | {\"frida_heap_size\":23,\"memory_private_dirty\":\"53 MB\",\"memory_total\":\"206 MB\"}","tag":"app.system_event"}
2021-07-06T11:58:49+00:00	app.system_event	{"message":" | {\"frida_heap_size\":23,\"memory_private_dirty\":\"53 MB\",\"memory_total\":\"206 MB\"}","tag":"app.system_event"}
2021-07-06T11:58:51+00:00	app.system_event	{"message":" | {\"frida_heap_size\":23,\"memory_private_dirty\":\"53 MB\",\"memory_total\":\"206 MB\"}","tag":"app.system_event"}
2021-07-06T11:58:53+00:00	app.system_event	{"message":" | {\"frida_heap_size\":23,\"memory_private_dirty\":\"53 MB\",\"memory_total\":\"206 MB\"}","tag":"app.system_event"}
2021-07-06T11:58:55+00:00	app.system_event	{"message":" | {\"frida_heap_size\":23,\"memory_private_dirty\":\"53 MB\",\"memory_total\":\"206 MB\"}","tag":"app.system_event"}
2021-07-06T11:58:57+00:00	app.system_event	{"message":" | {\"frida_heap_size\":23,\"memory_private_dirty\":\"53 MB\",\"memory_total\":\"206 MB\"}","tag":"app.system_event"}
2021-07-06T11:58:59+00:00	app.system_event	{"message":" | {\"frida_heap_size\":23,\"memory_private_dirty\":\"53 MB\",\"memory_total\":\"206 MB\"}","tag":"app.system_event"}
2021-07-06T11:59:01+00:00	app.system_event	{"message":" | {\"frida_heap_size\":21,\"memory_private_dirty\":\"53 MB\",\"memory_total\":\"205 MB\"}","tag":"app.system_event"}
2021-07-06T11:59:03+00:00	app.system_event	{"message":" | {\"frida_heap_size\":21,\"memory_private_dirty\":\"53 MB\",\"memory_total\":\"205 MB\"}","tag":"app.system_event"}
2021-07-06T11:59:05+00:00	app.system_event	{"message":" | {\"frida_heap_size\":21,\"memory_private_dirty\":\"53 MB\",\"memory_total\":\"205 MB\"}","tag":"app.system_event"}
2021-07-06T11:59:07+00:00	app.system_event	{"message":" | {\"frida_heap_size\":21,\"memory_private_dirty\":\"53 MB\",\"memory_total\":\"205 MB\"}","tag":"app.system_event"}
2021-07-06T11:59:09+00:00	app.system_event	{"message":" | {\"frida_heap_size\":21,\"memory_private_dirty\":\"53 MB\",\"memory_total\":\"205 MB\"}","tag":"app.system_event"}
2021-07-06T11:59:11+00:00	app.system_event	{"message":" | {\"frida_heap_size\":21,\"memory_private_dirty\":\"53 MB\",\"memory_total\":\"205 MB\"}","tag":"app.system_event"}
2021-07-06T11:59:13+00:00	app.system_event	{"message":" | {\"frida_heap_size\":21,\"memory_private_dirty\":\"53 MB\",\"memory_total\":\"205 MB\"}","tag":"app.system_event"}
2021-07-06T11:59:15+00:00	app.system_event	{"message":" | {\"frida_heap_size\":21,\"memory_private_dirty\":\"53 MB\",\"memory_total\":\"205 MB\"}","tag":"app.system_event"}
2021-07-06T11:59:17+00:00	app.system_event	{"message":" | {\"frida_heap_size\":21,\"memory_private_dirty\":\"53 MB\",\"memory_total\":\"206 MB\"}","tag":"app.system_event"}
2021-07-06T11:59:19+00:00	app.system_event	{"message":" | {\"frida_heap_size\":21,\"memory_private_dirty\":\"53 MB\",\"memory_total\":\"206 MB\"}","tag":"app.system_event"}
2021-07-06T11:59:21+00:00	app.system_event	{"message":" | {\"frida_heap_size\":21,\"memory_private_dirty\":\"53 MB\",\"memory_total\":\"206 MB\"}","tag":"app.system_event"}
2021-07-06T11:59:23+00:00	app.system_event	{"message":" | {\"frida_heap_size\":21,\"memory_private_dirty\":\"53 MB\",\"memory_total\":\"206 MB\"}","tag":"app.system_event"}
2021-07-06T11:59:25+00:00	app.system_event	{"message":" | {\"frida_heap_size\":21,\"memory_private_dirty\":\"53 MB\",\"memory_total\":\"206 MB\"}","tag":"app.system_event"}
2021-07-06T11:59:27+00:00	app.system_event	{"message":" | {\"frida_heap_size\":21,\"memory_private_dirty\":\"53 MB\",\"memory_total\":\"206 MB\"}","tag":"app.system_event"}
2021-07-06T11:59:29+00:00	app.system_event	{"message":" | {\"frida_heap_size\":21,\"memory_private_dirty\":\"53 MB\",\"memory_total\":\"206 MB\"}","tag":"app.system_event"}
2021-07-06T11:59:31+00:00	app.system_event	{"message":" | {\"frida_heap_size\":21,\"memory_private_dirty\":\"52 MB\",\"memory_total\":\"205 MB\"}","tag":"app.system_event"}
2021-07-06T11:59:33+00:00	app.system_event	{"message":" | {\"frida_heap_size\":21,\"memory_private_dirty\":\"52 MB\",\"memory_total\":\"205 MB\"}","tag":"app.system_event"}
2021-07-06T11:59:35+00:00	app.system_event	{"message":" | {\"frida_heap_size\":21,\"memory_private_dirty\":\"52 MB\",\"memory_total\":\"205 MB\"}","tag":"app.system_event"}
2021-07-06T11:59:37+00:00	app.system_event	{"message":" | {\"frida_heap_size\":21,\"memory_private_dirty\":\"52 MB\",\"memory_total\":\"205 MB\"}","tag":"app.system_event"}
2021-07-06T11:59:39+00:00	app.system_event	{"message":" | {\"frida_heap_size\":21,\"memory_private_dirty\":\"52 MB\",\"memory_total\":\"205 MB\"}","tag":"app.system_event"}
2021-07-06T11:59:41+00:00	app.system_event	{"message":" | {\"frida_heap_size\":21,\"memory_private_dirty\":\"52 MB\",\"memory_total\":\"205 MB\"}","tag":"app.system_event"}
2021-07-06T11:59:43+00:00	app.system_event	{"message":" | {\"frida_heap_size\":21,\"memory_private_dirty\":\"52 MB\",\"memory_total\":\"205 MB\"}","tag":"app.system_event"}
2021-07-06T11:59:45+00:00	app.system_event	{"message":" | {\"frida_heap_size\":21,\"memory_private_dirty\":\"52 MB\",\"memory_total\":\"205 MB\"}","tag":"app.system_event"}
2021-07-06T11:59:47+00:00	app.system_event	{"message":" | {\"frida_heap_size\":21,\"memory_private_dirty\":\"52 MB\",\"memory_total\":\"205 MB\"}","tag":"app.system_event"}
2021-07-06T11:59:49+00:00	app.system_event	{"message":" | {\"frida_heap_size\":21,\"memory_private_dirty\":\"52 MB\",\"memory_total\":\"205 MB\"}","tag":"app.system_event"}
2021-07-06T11:59:51+00:00	app.system_event	{"message":" | {\"frida_heap_size\":21,\"memory_private_dirty\":\"52 MB\",\"memory_total\":\"205 MB\"}","tag":"app.system_event"}
2021-07-06T11:59:53+00:00	app.system_event	{"message":" | {\"frida_heap_size\":21,\"memory_private_dirty\":\"52 MB\",\"memory_total\":\"205 MB\"}","tag":"app.system_event"}
2021-07-06T11:59:55+00:00	app.system_event	{"message":" | {\"frida_heap_size\":21,\"memory_private_dirty\":\"52 MB\",\"memory_total\":\"205 MB\"}","tag":"app.system_event"}
2021-07-06T11:59:57+00:00	app.system_event	{"message":" | {\"frida_heap_size\":21,\"memory_private_dirty\":\"52 MB\",\"memory_total\":\"205 MB\"}","tag":"app.system_event"}
2021-07-06T11:59:59+00:00	app.system_event	{"message":" | {\"frida_heap_size\":21,\"memory_private_dirty\":\"52 MB\",\"memory_total\":\"205 MB\"}","tag":"app.system_event"}
2021-07-06T12:00:01+00:00	app.system_event	{"message":" | {\"frida_heap_size\":21,\"memory_private_dirty\":\"52 MB\",\"memory_total\":\"205 MB\"}","tag":"app.system_event"}
2021-07-06T12:00:03+00:00	app.system_event	{"message":" | {\"frida_heap_size\":21,\"memory_private_dirty\":\"52 MB\",\"memory_total\":\"205 MB\"}","tag":"app.system_event"}
2021-07-06T12:00:05+00:00	app.system_event	{"message":" | {\"frida_heap_size\":21,\"memory_private_dirty\":\"52 MB\",\"memory_total\":\"205 MB\"}","tag":"app.system_event"}
2021-07-06T12:00:07+00:00	app.system_event	{"message":" | {\"frida_heap_size\":21,\"memory_private_dirty\":\"52 MB\",\"memory_total\":\"205 MB\"}","tag":"app.system_event"}
2021-07-06T12:00:09+00:00	app.system_event	{"message":" | {\"frida_heap_size\":21,\"memory_private_dirty\":\"52 MB\",\"memory_total\":\"205 MB\"}","tag":"app.system_event"}
2021-07-06T12:00:11+00:00	app.system_event	{"message":" | {\"frida_heap_size\":21,\"memory_private_dirty\":\"52 MB\",\"memory_total\":\"205 MB\"}","tag":"app.system_event"}
2021-07-06T12:00:13+00:00	app.system_event	{"message":" | {\"frida_heap_size\":21,\"memory_private_dirty\":\"52 MB\",\"memory_total\":\"205 MB\"}","tag":"app.system_event"}
2021-07-06T12:00:15+00:00	app.system_event	{"message":" | {\"frida_heap_size\":21,\"memory_private_dirty\":\"52 MB\",\"memory_total\":\"205 MB\"}","tag":"app.system_event"}
2021-07-06T12:00:17+00:00	app.system_event	{"message":" | {\"frida_heap_size\":21,\"memory_private_dirty\":\"52 MB\",\"memory_total\":\"205 MB\"}","tag":"app.system_event"}
2021-07-06T12:00:19+00:00	app.system_event	{"message":" | {\"frida_heap_size\":21,\"memory_private_dirty\":\"52 MB\",\"memory_total\":\"205 MB\"}","tag":"app.system_event"}
2021-07-06T12:00:21+00:00	app.system_event	{"message":" | {\"frida_heap_size\":21,\"memory_private_dirty\":\"52 MB\",\"memory_total\":\"205 MB\"}","tag":"app.system_event"}
2021-07-06T12:00:23+00:00	app.system_event	{"message":" | {\"frida_heap_size\":21,\"memory_private_dirty\":\"52 MB\",\"memory_total\":\"205 MB\"}","tag":"app.system_event"}
2021-07-06T12:00:25+00:00	app.system_event	{"message":" | {\"frida_heap_size\":21,\"memory_private_dirty\":\"52 MB\",\"memory_total\":\"205 MB\"}","tag":"app.system_event"}
2021-07-06T12:00:27+00:00	app.system_event	{"message":" | {\"frida_heap_size\":21,\"memory_private_dirty\":\"52 MB\",\"memory_total\":\"205 MB\"}","tag":"app.system_event"}
2021-07-06T12:00:29+00:00	app.system_event	{"message":" | {\"frida_heap_size\":21,\"memory_private_dirty\":\"52 MB\",\"memory_total\":\"205 MB\"}","tag":"app.system_event"}
2021-07-06T12:00:31+00:00	app.system_event	{"message":" | {\"frida_heap_size\":21,\"memory_private_dirty\":\"52 MB\",\"memory_total\":\"205 MB\"}","tag":"app.system_event"}
2021-07-06T12:00:33+00:00	app.system_event	{"message":" | {\"frida_heap_size\":21,\"memory_private_dirty\":\"52 MB\",\"memory_total\":\"205 MB\"}","tag":"app.system_event"}
2021-07-06T12:00:35+00:00	app.system_event	{"message":" | {\"frida_heap_size\":21,\"memory_private_dirty\":\"52 MB\",\"memory_total\":\"205 MB\"}","tag":"app.system_event"}
2021-07-06T12:00:37+00:00	app.system_event	{"message":" | {\"frida_heap_size\":21,\"memory_private_dirty\":\"52 MB\",\"memory_total\":\"205 MB\"}","tag":"app.system_event"}
2021-07-06T12:00:39+00:00	app.system_event	{"message":" | {\"frida_heap_size\":21,\"memory_private_dirty\":\"52 MB\",\"memory_total\":\"205 MB\"}","tag":"app.system_event"}
2021-07-06T12:00:41+00:00	app.system_event	{"message":" | {\"frida_heap_size\":21,\"memory_private_dirty\":\"52 MB\",\"memory_total\":\"206 MB\"}","tag":"app.system_event"}
2021-07-06T12:00:43+00:00	app.system_event	{"message":" | {\"frida_heap_size\":21,\"memory_private_dirty\":\"52 MB\",\"memory_total\":\"206 MB\"}","tag":"app.system_event"}
2021-07-06T12:00:45+00:00	app.system_event	{"message":" | {\"frida_heap_size\":21,\"memory_private_dirty\":\"52 MB\",\"memory_total\":\"206 MB\"}","tag":"app.system_event"}
2021-07-06T12:00:47+00:00	app.system_event	{"message":" | {\"frida_heap_size\":21,\"memory_private_dirty\":\"52 MB\",\"memory_total\":\"206 MB\"}","tag":"app.system_event"}
2021-07-06T12:00:49+00:00	app.system_event	{"message":" | {\"frida_heap_size\":21,\"memory_private_dirty\":\"52 MB\",\"memory_total\":\"206 MB\"}","tag":"app.system_event"}
2021-07-06T12:00:51+00:00	app.system_event	{"message":" | {\"frida_heap_size\":21,\"memory_private_dirty\":\"52 MB\",\"memory_total\":\"206 MB\"}","tag":"app.system_event"}
2021-07-06T12:00:53+00:00	app.system_event	{"message":" | {\"frida_heap_size\":21,\"memory_private_dirty\":\"52 MB\",\"memory_total\":\"206 MB\"}","tag":"app.system_event"}
2021-07-06T12:00:55+00:00	app.system_event	{"message":" | {\"frida_heap_size\":21,\"memory_private_dirty\":\"52 MB\",\"memory_total\":\"206 MB\"}","tag":"app.system_event"}
2021-07-06T12:00:57+00:00	app.system_event	{"message":" | {\"frida_heap_size\":21,\"memory_private_dirty\":\"52 MB\",\"memory_total\":\"206 MB\"}","tag":"app.system_event"}
2021-07-06T12:00:59+00:00	app.system_event	{"message":" | {\"frida_heap_size\":21,\"memory_private_dirty\":\"52 MB\",\"memory_total\":\"206 MB\"}","tag":"app.system_event"}
2021-07-06T12:01:01+00:00	app.system_event	{"message":" | {\"frida_heap_size\":21,\"memory_private_dirty\":\"52 MB\",\"memory_total\":\"206 MB\"}","tag":"app.system_event"}
2021-07-06T12:01:03+00:00	app.system_event	{"message":" | {\"frida_heap_size\":21,\"memory_private_dirty\":\"52 MB\",\"memory_total\":\"206 MB\"}","tag":"app.system_event"}
2021-07-06T12:01:05+00:00	app.system_event	{"message":" | {\"frida_heap_size\":21,\"memory_private_dirty\":\"52 MB\",\"memory_total\":\"206 MB\"}","tag":"app.system_event"}
2021-07-06T12:01:07+00:00	app.system_event	{"message":" | {\"frida_heap_size\":21,\"memory_private_dirty\":\"52 MB\",\"memory_total\":\"206 MB\"}","tag":"app.system_event"}
2021-07-06T12:01:09+00:00	app.system_event	{"message":" | {\"frida_heap_size\":21,\"memory_private_dirty\":\"52 MB\",\"memory_total\":\"206 MB\"}","tag":"app.system_event"}
2021-07-06T12:01:11+00:00	app.system_event	{"message":" | {\"frida_heap_size\":21,\"memory_private_dirty\":\"52 MB\",\"memory_total\":\"206 MB\"}","tag":"app.system_event"}
2021-07-06T12:01:13+00:00	app.system_event	{"message":" | {\"frida_heap_size\":21,\"memory_private_dirty\":\"52 MB\",\"memory_total\":\"206 MB\"}","tag":"app.system_event"}
2021-07-06T12:01:15+00:00	app.system_event	{"message":" | {\"frida_heap_size\":21,\"memory_private_dirty\":\"52 MB\",\"memory_total\":\"206 MB\"}","tag":"app.system_event"}
2021-07-06T12:01:17+00:00	app.system_event	{"message":" | {\"frida_heap_size\":21,\"memory_private_dirty\":\"52 MB\",\"memory_total\":\"206 MB\"}","tag":"app.system_event"}
2021-07-06T12:01:19+00:00	app.system_event	{"message":" | {\"frida_heap_size\":21,\"memory_private_dirty\":\"52 MB\",\"memory_total\":\"206 MB\"}","tag":"app.system_event"}
2021-07-06T12:01:21+00:00	app.system_event	{"message":" | {\"frida_heap_size\":21,\"memory_private_dirty\":\"52 MB\",\"memory_total\":\"206 MB\"}","tag":"app.system_event"}
2021-07-06T12:01:23+00:00	app.system_event	{"message":" | {\"frida_heap_size\":21,\"memory_private_dirty\":\"52 MB\",\"memory_total\":\"206 MB\"}","tag":"app.system_event"}
2021-07-06T12:01:25+00:00	app.system_event	{"message":" | {\"frida_heap_size\":21,\"memory_private_dirty\":\"52 MB\",\"memory_total\":\"206 MB\"}","tag":"app.system_event"}
2021-07-06T12:01:27+00:00	app.system_event	{"message":" | {\"frida_heap_size\":21,\"memory_private_dirty\":\"52 MB\",\"memory_total\":\"206 MB\"}","tag":"app.system_event"}
2021-07-06T12:02:11+00:00	app.system_event	{"message":" | {\"frida_heap_size\":20,\"memory_private_dirty\":\"47 MB\",\"memory_total\":\"122 MB\"}","tag":"app.system_event"}
2021-07-06T12:02:11+00:00	app.system_init	{"message":" | {\"lifecycle\":\"connected_to_ingestor\",\"timestamp\":\"872359901266804\"}","tag":"app.system_init"}
2021-07-06T12:02:13+00:00	app.system_event	{"message":" | {\"frida_heap_size\":20,\"memory_private_dirty\":\"48 MB\",\"memory_total\":\"122 MB\"}","tag":"app.system_event"}
2021-07-06T12:02:15+00:00	app.system_event	{"message":" | {\"frida_heap_size\":20,\"memory_private_dirty\":\"48 MB\",\"memory_total\":\"123 MB\"}","tag":"app.system_event"}
2021-07-06T12:02:17+00:00	app.system_event	{"message":" | {\"frida_heap_size\":20,\"memory_private_dirty\":\"41 MB\",\"memory_total\":\"116 MB\"}","tag":"app.system_event"}
2021-07-06T12:02:19+00:00	app.system_event	{"message":" | {\"frida_heap_size\":20,\"memory_private_dirty\":\"37 MB\",\"memory_total\":\"114 MB\"}","tag":"app.system_event"}
2021-07-06T12:02:21+00:00	app.system_event	{"message":" | {\"frida_heap_size\":20,\"memory_private_dirty\":\"33 MB\",\"memory_total\":\"112 MB\"}","tag":"app.system_event"}
2021-07-06T12:02:23+00:00	app.system_event	{"message":" | {\"frida_heap_size\":20,\"memory_private_dirty\":\"32 MB\",\"memory_total\":\"113 MB\"}","tag":"app.system_event"}
2021-07-06T12:02:25+00:00	app.system_event	{"message":" | {\"frida_heap_size\":20,\"memory_private_dirty\":\"32 MB\",\"memory_total\":\"113 MB\"}","tag":"app.system_event"}
2021-07-06T12:02:27+00:00	app.system_event	{"message":" | {\"frida_heap_size\":20,\"memory_private_dirty\":\"32 MB\",\"memory_total\":\"113 MB\"}","tag":"app.system_event"}
2021-07-06T12:02:29+00:00	app.system_event	{"message":" | {\"frida_heap_size\":20,\"memory_private_dirty\":\"32 MB\",\"memory_total\":\"113 MB\"}","tag":"app.system_event"}
2021-07-06T12:02:31+00:00	app.system_event	{"message":" | {\"frida_heap_size\":23,\"memory_private_dirty\":\"38 MB\",\"memory_total\":\"150 MB\"}","tag":"app.system_event"}
2021-07-06T12:02:33+00:00	app.system_event	{"message":" | {\"frida_heap_size\":24,\"memory_private_dirty\":\"39 MB\",\"memory_total\":\"189 MB\"}","tag":"app.system_event"}
2021-07-06T12:02:35+00:00	app.system_event	{"message":" | {\"frida_heap_size\":24,\"memory_private_dirty\":\"53 MB\",\"memory_total\":\"204 MB\"}","tag":"app.system_event"}
2021-07-06T12:02:37+00:00	app.system_event	{"message":" | {\"frida_heap_size\":24,\"memory_private_dirty\":\"53 MB\",\"memory_total\":\"204 MB\"}","tag":"app.system_event"}
2021-07-06T12:02:38+00:00	app.player_event	{"message":" | {\"event\":\"ui_change\",\"ui_play_state\":{\"player_state\":{\"paused\":false,\"playing\":true}},\"timestamp\":\"872386980457515\"}","tag":"app.player_event"}
2021-07-06T12:02:39+00:00	app.system_event	{"message":" | {\"frida_heap_size\":24,\"memory_private_dirty\":\"54 MB\",\"memory_total\":\"252 MB\"}","tag":"app.system_event"}
2021-07-06T12:02:39+00:00	app.player_event	{"message":" | {\"event\":\"internal_change\",\"ui_play_state\":{\"player_state\":{\"paused\":false,\"playing\":true}},\"timestamp\":\"872387696061822\",\"internal_play_state\":{\"play_state\":3}}","tag":"app.player_event"}
2021-07-06T12:02:41+00:00	app.system_event	{"message":" | {\"frida_heap_size\":24,\"memory_private_dirty\":\"54 MB\",\"memory_total\":\"265 MB\"}","tag":"app.system_event"}
2021-07-06T12:02:43+00:00	app.player_event	{"message":" | {\"event\":\"internal_change\",\"ui_play_state\":{\"player_state\":{\"paused\":false,\"playing\":true}},\"timestamp\":\"872391160705743\",\"internal_play_state\":{\"play_state\":2}}","tag":"app.player_event"}
2021-07-06T12:02:43+00:00	app.player_event	{"message":" | {\"event\":\"internal_change\",\"ui_play_state\":{\"player_state\":{\"paused\":false,\"playing\":true}},\"timestamp\":\"872391164185012\",\"internal_play_state\":{\"play_state\":2}}","tag":"app.player_event"}
2021-07-06T12:02:43+00:00	app.player_event	{"message":" | {\"event\":\"internal_change\",\"ui_play_state\":{\"player_state\":{\"paused\":false,\"playing\":true}},\"timestamp\":\"872391169318128\",\"internal_play_state\":{\"play_state\":1}}","tag":"app.player_event"}
2021-07-06T12:02:43+00:00	app.player_event	{"message":" | {\"event\":\"internal_change\",\"ui_play_state\":{\"player_state\":{\"paused\":false,\"playing\":true}},\"timestamp\":\"872391170206397\",\"internal_play_state\":{\"play_state\":1}}","tag":"app.player_event"}
2021-07-06T12:02:43+00:00	app.player_event	{"message":" | {\"event\":\"internal_change\",\"ui_play_state\":{\"player_state\":{\"paused\":false,\"playing\":true}},\"timestamp\":\"872391180744628\",\"internal_play_state\":{\"play_state\":3}}","tag":"app.player_event"}
2021-07-06T12:02:43+00:00	app.system_event	{"message":" | {\"frida_heap_size\":24,\"memory_private_dirty\":\"54 MB\",\"memory_total\":\"284 MB\"}","tag":"app.system_event"}
2021-07-06T12:02:45+00:00	app.system_event	{"message":" | {\"frida_heap_size\":24,\"memory_private_dirty\":\"54 MB\",\"memory_total\":\"285 MB\"}","tag":"app.system_event"}
2021-07-06T12:02:47+00:00	app.player_event	{"message":" | {\"event\":\"ui_change\",\"ui_play_state\":{\"player_state\":{\"paused\":true,\"playing\":true}},\"timestamp\":\"872395325825932\",\"internal_play_state\":{\"play_state\":3}}","tag":"app.player_event"}
2021-07-06T12:02:47+00:00	app.player_event	{"message":" | {\"event\":\"internal_change\",\"ui_play_state\":{\"player_state\":{\"paused\":true,\"playing\":true}},\"timestamp\":\"872395340963394\",\"internal_play_state\":{\"play_state\":2}}","tag":"app.player_event"}
2021-07-06T12:02:47+00:00	app.player_event	{"message":" | {\"event\":\"ui_change\",\"ui_play_state\":{\"player_state\":{\"paused\":false,\"playing\":true}},\"timestamp\":\"872395346872202\",\"internal_play_state\":{\"play_state\":2}}","tag":"app.player_event"}
2021-07-06T12:02:47+00:00	app.player_event	{"message":" | {\"event\":\"ui_change\",\"ui_play_state\":{\"player_state\":{\"paused\":true,\"playing\":true}},\"timestamp\":\"872395349300778\",\"internal_play_state\":{\"play_state\":2}}","tag":"app.player_event"}
2021-07-06T12:02:47+00:00	app.player_event	{"message":" | {\"event\":\"ui_change\",\"ui_play_state\":{\"player_state\":{\"paused\":false,\"playing\":true}},\"timestamp\":\"872395351076394\",\"internal_play_state\":{\"play_state\":2}}","tag":"app.player_event"}
2021-07-06T12:02:47+00:00	app.player_event	{"message":" | {\"event\":\"ui_change\",\"ui_play_state\":{\"player_state\":{\"paused\":true,\"playing\":true}},\"timestamp\":\"872395352465355\",\"internal_play_state\":{\"play_state\":2}}","tag":"app.player_event"}
2021-07-06T12:02:47+00:00	app.system_event	{"message":" | {\"frida_heap_size\":24,\"memory_private_dirty\":\"54 MB\",\"memory_total\":\"289 MB\"}","tag":"app.system_event"}
2021-07-06T12:02:49+00:00	app.system_event	{"message":" | {\"frida_heap_size\":24,\"memory_private_dirty\":\"54 MB\",\"memory_total\":\"288 MB\"}","tag":"app.system_event"}
2021-07-06T12:02:51+00:00	app.system_event	{"message":" | {\"frida_heap_size\":24,\"memory_private_dirty\":\"54 MB\",\"memory_total\":\"288 MB\"}","tag":"app.system_event"}
2021-07-06T12:02:53+00:00	app.system_event	{"message":" | {\"frida_heap_size\":24,\"memory_private_dirty\":\"54 MB\",\"memory_total\":\"288 MB\"}","tag":"app.system_event"}
2021-07-06T12:02:55+00:00	app.system_event	{"message":" | {\"frida_heap_size\":24,\"memory_private_dirty\":\"54 MB\",\"memory_total\":\"288 MB\"}","tag":"app.system_event"}
2021-07-06T12:02:57+00:00	app.system_event	{"message":" | {\"frida_heap_size\":24,\"memory_private_dirty\":\"54 MB\",\"memory_total\":\"288 MB\"}","tag":"app.system_event"}
2021-07-06T12:02:59+00:00	app.system_event	{"message":" | {\"frida_heap_size\":24,\"memory_private_dirty\":\"54 MB\",\"memory_total\":\"288 MB\"}","tag":"app.system_event"}
2021-07-06T12:03:01+00:00	app.system_event	{"message":" | {\"frida_heap_size\":24,\"memory_private_dirty\":\"54 MB\",\"memory_total\":\"289 MB\"}","tag":"app.system_event"}
2021-07-06T12:03:03+00:00	app.system_event	{"message":" | {\"frida_heap_size\":24,\"memory_private_dirty\":\"53 MB\",\"memory_total\":\"287 MB\"}","tag":"app.system_event"}
2021-07-06T12:03:05+00:00	app.system_event	{"message":" | {\"frida_heap_size\":24,\"memory_private_dirty\":\"53 MB\",\"memory_total\":\"287 MB\"}","tag":"app.system_event"}
2021-07-06T12:03:07+00:00	app.system_event	{"message":" | {\"frida_heap_size\":24,\"memory_private_dirty\":\"53 MB\",\"memory_total\":\"287 MB\"}","tag":"app.system_event"}
2021-07-06T12:03:09+00:00	app.system_event	{"message":" | {\"frida_heap_size\":24,\"memory_private_dirty\":\"53 MB\",\"memory_total\":\"287 MB\"}","tag":"app.system_event"}
2021-07-06T12:03:11+00:00	app.system_event	{"message":" | {\"frida_heap_size\":24,\"memory_private_dirty\":\"53 MB\",\"memory_total\":\"288 MB\"}","tag":"app.system_event"}
2021-07-06T12:03:13+00:00	app.system_event	{"message":" | {\"frida_heap_size\":24,\"memory_private_dirty\":\"53 MB\",\"memory_total\":\"288 MB\"}","tag":"app.system_event"}
2021-07-06T12:03:15+00:00	app.system_event	{"message":" | {\"frida_heap_size\":24,\"memory_private_dirty\":\"53 MB\",\"memory_total\":\"289 MB\"}","tag":"app.system_event"}
2021-07-06T12:03:17+00:00	app.system_event	{"message":" | {\"frida_heap_size\":24,\"memory_private_dirty\":\"53 MB\",\"memory_total\":\"289 MB\"}","tag":"app.system_event"}
2021-07-06T12:03:19+00:00	app.system_event	{"message":" | {\"frida_heap_size\":24,\"memory_private_dirty\":\"54 MB\",\"memory_total\":\"292 MB\"}","tag":"app.system_event"}
2021-07-06T12:03:21+00:00	app.system_event	{"message":" | {\"frida_heap_size\":24,\"memory_private_dirty\":\"56 MB\",\"memory_total\":\"294 MB\"}","tag":"app.system_event"}
2021-07-06T12:03:23+00:00	app.system_event	{"message":" | {\"frida_heap_size\":24,\"memory_private_dirty\":\"56 MB\",\"memory_total\":\"294 MB\"}","tag":"app.system_event"}
2021-07-06T12:03:25+00:00	app.system_event	{"message":" | {\"frida_heap_size\":24,\"memory_private_dirty\":\"56 MB\",\"memory_total\":\"294 MB\"}","tag":"app.system_event"}
2021-07-06T12:03:27+00:00	app.system_event	{"message":" | {\"frida_heap_size\":24,\"memory_private_dirty\":\"54 MB\",\"memory_total\":\"293 MB\"}","tag":"app.system_event"}
2021-07-06T12:03:29+00:00	app.system_event	{"message":" | {\"frida_heap_size\":24,\"memory_private_dirty\":\"54 MB\",\"memory_total\":\"293 MB\"}","tag":"app.system_event"}
2021-07-06T12:03:31+00:00	app.system_event	{"message":" | {\"frida_heap_size\":24,\"memory_private_dirty\":\"54 MB\",\"memory_total\":\"293 MB\"}","tag":"app.system_event"}
2021-07-06T12:03:33+00:00	app.system_event	{"message":" | {\"frida_heap_size\":24,\"memory_private_dirty\":\"54 MB\",\"memory_total\":\"293 MB\"}","tag":"app.system_event"}
2021-07-06T12:03:35+00:00	app.system_event	{"message":" | {\"frida_heap_size\":24,\"memory_private_dirty\":\"54 MB\",\"memory_total\":\"293 MB\"}","tag":"app.system_event"}
2021-07-06T12:03:37+00:00	app.system_event	{"message":" | {\"frida_heap_size\":24,\"memory_private_dirty\":\"54 MB\",\"memory_total\":\"293 MB\"}","tag":"app.system_event"}
2021-07-06T12:03:39+00:00	app.system_event	{"message":" | {\"frida_heap_size\":24,\"memory_private_dirty\":\"54 MB\",\"memory_total\":\"292 MB\"}","tag":"app.system_event"}
2021-07-06T12:03:41+00:00	app.system_event	{"message":" | {\"frida_heap_size\":24,\"memory_private_dirty\":\"54 MB\",\"memory_total\":\"292 MB\"}","tag":"app.system_event"}
2021-07-06T12:03:43+00:00	app.system_event	{"message":" | {\"frida_heap_size\":24,\"memory_private_dirty\":\"54 MB\",\"memory_total\":\"292 MB\"}","tag":"app.system_event"}
2021-07-06T12:03:45+00:00	app.system_event	{"message":" | {\"frida_heap_size\":24,\"memory_private_dirty\":\"54 MB\",\"memory_total\":\"292 MB\"}","tag":"app.system_event"}
2021-07-06T12:03:47+00:00	app.system_event	{"message":" | {\"frida_heap_size\":24,\"memory_private_dirty\":\"54 MB\",\"memory_total\":\"292 MB\"}","tag":"app.system_event"}
2021-07-06T12:03:49+00:00	app.system_event	{"message":" | {\"frida_heap_size\":24,\"memory_private_dirty\":\"54 MB\",\"memory_total\":\"292 MB\"}","tag":"app.system_event"}
2021-07-06T12:03:51+00:00	app.system_event	{"message":" | {\"frida_heap_size\":24,\"memory_private_dirty\":\"54 MB\",\"memory_total\":\"292 MB\"}","tag":"app.system_event"}
2021-07-06T12:03:53+00:00	app.system_event	{"message":" | {\"frida_heap_size\":24,\"memory_private_dirty\":\"54 MB\",\"memory_total\":\"292 MB\"}","tag":"app.system_event"}
2021-07-06T12:03:55+00:00	app.system_event	{"message":" | {\"frida_heap_size\":24,\"memory_private_dirty\":\"54 MB\",\"memory_total\":\"292 MB\"}","tag":"app.system_event"}
2021-07-06T12:03:57+00:00	app.system_event	{"message":" | {\"frida_heap_size\":24,\"memory_private_dirty\":\"54 MB\",\"memory_total\":\"292 MB\"}","tag":"app.system_event"}
2021-07-06T12:03:59+00:00	app.system_event	{"message":" | {\"frida_heap_size\":24,\"memory_private_dirty\":\"54 MB\",\"memory_total\":\"292 MB\"}","tag":"app.system_event"}
2021-07-06T12:04:01+00:00	app.system_event	{"message":" | {\"frida_heap_size\":24,\"memory_private_dirty\":\"53 MB\",\"memory_total\":\"291 MB\"}","tag":"app.system_event"}
2021-07-06T12:04:03+00:00	app.system_event	{"message":" | {\"frida_heap_size\":24,\"memory_private_dirty\":\"53 MB\",\"memory_total\":\"291 MB\"}","tag":"app.system_event"}
2021-07-06T12:04:05+00:00	app.system_event	{"message":" | {\"frida_heap_size\":24,\"memory_private_dirty\":\"53 MB\",\"memory_total\":\"291 MB\"}","tag":"app.system_event"}
2021-07-06T12:04:07+00:00	app.system_event	{"message":" | {\"frida_heap_size\":24,\"memory_private_dirty\":\"53 MB\",\"memory_total\":\"291 MB\"}","tag":"app.system_event"}
2021-07-06T12:04:09+00:00	app.system_event	{"message":" | {\"frida_heap_size\":22,\"memory_private_dirty\":\"53 MB\",\"memory_total\":\"290 MB\"}","tag":"app.system_event"}
2021-07-06T12:04:11+00:00	app.system_event	{"message":" | {\"frida_heap_size\":21,\"memory_private_dirty\":\"53 MB\",\"memory_total\":\"289 MB\"}","tag":"app.system_event"}
2021-07-06T12:04:13+00:00	app.system_event	{"message":" | {\"frida_heap_size\":21,\"memory_private_dirty\":\"53 MB\",\"memory_total\":\"289 MB\"}","tag":"app.system_event"}
2021-07-06T12:04:15+00:00	app.system_event	{"message":" | {\"frida_heap_size\":21,\"memory_private_dirty\":\"53 MB\",\"memory_total\":\"289 MB\"}","tag":"app.system_event"}
2021-07-06T12:04:17+00:00	app.system_event	{"message":" | {\"frida_heap_size\":21,\"memory_private_dirty\":\"53 MB\",\"memory_total\":\"289 MB\"}","tag":"app.system_event"}
2021-07-06T12:04:19+00:00	app.system_event	{"message":" | {\"frida_heap_size\":21,\"memory_private_dirty\":\"53 MB\",\"memory_total\":\"290 MB\"}","tag":"app.system_event"}
2021-07-06T12:04:21+00:00	app.system_event	{"message":" | {\"frida_heap_size\":22,\"memory_private_dirty\":\"53 MB\",\"memory_total\":\"290 MB\"}","tag":"app.system_event"}
2021-07-06T12:04:23+00:00	app.system_event	{"message":" | {\"frida_heap_size\":22,\"memory_private_dirty\":\"53 MB\",\"memory_total\":\"290 MB\"}","tag":"app.system_event"}
2021-07-06T12:04:25+00:00	app.system_event	{"message":" | {\"frida_heap_size\":22,\"memory_private_dirty\":\"53 MB\",\"memory_total\":\"290 MB\"}","tag":"app.system_event"}
2021-07-06T12:04:27+00:00	app.system_event	{"message":" | {\"frida_heap_size\":22,\"memory_private_dirty\":\"53 MB\",\"memory_total\":\"290 MB\"}","tag":"app.system_event"}
2021-07-06T12:04:29+00:00	app.system_event	{"message":" | {\"frida_heap_size\":22,\"memory_private_dirty\":\"53 MB\",\"memory_total\":\"290 MB\"}","tag":"app.system_event"}
2021-07-06T12:04:31+00:00	app.system_event	{"message":" | {\"frida_heap_size\":22,\"memory_private_dirty\":\"53 MB\",\"memory_total\":\"290 MB\"}","tag":"app.system_event"}
2021-07-06T12:04:33+00:00	app.system_event	{"message":" | {\"frida_heap_size\":22,\"memory_private_dirty\":\"53 MB\",\"memory_total\":\"290 MB\"}","tag":"app.system_event"}
2021-07-06T12:04:35+00:00	app.system_event	{"message":" | {\"frida_heap_size\":22,\"memory_private_dirty\":\"53 MB\",\"memory_total\":\"290 MB\"}","tag":"app.system_event"}
2021-07-06T12:04:37+00:00	app.system_event	{"message":" | {\"frida_heap_size\":22,\"memory_private_dirty\":\"53 MB\",\"memory_total\":\"290 MB\"}","tag":"app.system_event"}
2021-07-06T12:04:39+00:00	app.system_event	{"message":" | {\"frida_heap_size\":22,\"memory_private_dirty\":\"53 MB\",\"memory_total\":\"290 MB\"}","tag":"app.system_event"}
2021-07-06T12:04:41+00:00	app.system_event	{"message":" | {\"frida_heap_size\":22,\"memory_private_dirty\":\"53 MB\",\"memory_total\":\"290 MB\"}","tag":"app.system_event"}
2021-07-06T12:04:43+00:00	app.system_event	{"message":" | {\"frida_heap_size\":22,\"memory_private_dirty\":\"53 MB\",\"memory_total\":\"290 MB\"}","tag":"app.system_event"}
2021-07-06T12:04:45+00:00	app.system_event	{"message":" | {\"frida_heap_size\":22,\"memory_private_dirty\":\"53 MB\",\"memory_total\":\"290 MB\"}","tag":"app.system_event"}
2021-07-06T12:04:47+00:00	app.system_event	{"message":" | {\"frida_heap_size\":22,\"memory_private_dirty\":\"53 MB\",\"memory_total\":\"290 MB\"}","tag":"app.system_event"}
2021-07-06T12:04:49+00:00	app.system_event	{"message":" | {\"frida_heap_size\":22,\"memory_private_dirty\":\"53 MB\",\"memory_total\":\"290 MB\"}","tag":"app.system_event"}
2021-07-06T12:04:51+00:00	app.system_event	{"message":" | {\"frida_heap_size\":22,\"memory_private_dirty\":\"53 MB\",\"memory_total\":\"290 MB\"}","tag":"app.system_event"}
2021-07-06T12:04:53+00:00	app.system_event	{"message":" | {\"frida_heap_size\":22,\"memory_private_dirty\":\"53 MB\",\"memory_total\":\"290 MB\"}","tag":"app.system_event"}
2021-07-06T12:04:55+00:00	app.system_event	{"message":" | {\"frida_heap_size\":22,\"memory_private_dirty\":\"53 MB\",\"memory_total\":\"290 MB\"}","tag":"app.system_event"}
2021-07-06T12:04:57+00:00	app.system_event	{"message":" | {\"frida_heap_size\":22,\"memory_private_dirty\":\"53 MB\",\"memory_total\":\"290 MB\"}","tag":"app.system_event"}
2021-07-06T12:04:59+00:00	app.system_event	{"message":" | {\"frida_heap_size\":22,\"memory_private_dirty\":\"53 MB\",\"memory_total\":\"290 MB\"}","tag":"app.system_event"}
2021-07-06T12:05:01+00:00	app.system_event	{"message":" | {\"frida_heap_size\":22,\"memory_private_dirty\":\"53 MB\",\"memory_total\":\"290 MB\"}","tag":"app.system_event"}
2021-07-06T12:05:03+00:00	app.system_event	{"message":" | {\"frida_heap_size\":22,\"memory_private_dirty\":\"53 MB\",\"memory_total\":\"290 MB\"}","tag":"app.system_event"}
2021-07-06T12:05:05+00:00	app.system_event	{"message":" | {\"frida_heap_size\":22,\"memory_private_dirty\":\"53 MB\",\"memory_total\":\"290 MB\"}","tag":"app.system_event"}
2021-07-06T12:05:07+00:00	app.system_event	{"message":" | {\"frida_heap_size\":22,\"memory_private_dirty\":\"53 MB\",\"memory_total\":\"290 MB\"}","tag":"app.system_event"}
2021-07-06T12:05:09+00:00	app.system_event	{"message":" | {\"frida_heap_size\":22,\"memory_private_dirty\":\"53 MB\",\"memory_total\":\"290 MB\"}","tag":"app.system_event"}
2021-07-06T12:05:11+00:00	app.system_event	{"message":" | {\"frida_heap_size\":22,\"memory_private_dirty\":\"53 MB\",\"memory_total\":\"291 MB\"}","tag":"app.system_event"}
2021-07-06T12:05:13+00:00	app.system_event	{"message":" | {\"frida_heap_size\":22,\"memory_private_dirty\":\"53 MB\",\"memory_total\":\"291 MB\"}","tag":"app.system_event"}
2021-07-06T12:05:15+00:00	app.system_event	{"message":" | {\"frida_heap_size\":22,\"memory_private_dirty\":\"53 MB\",\"memory_total\":\"291 MB\"}","tag":"app.system_event"}
2021-07-06T12:05:17+00:00	app.system_event	{"message":" | {\"frida_heap_size\":22,\"memory_private_dirty\":\"53 MB\",\"memory_total\":\"291 MB\"}","tag":"app.system_event"}
2021-07-06T12:05:19+00:00	app.system_event	{"message":" | {\"frida_heap_size\":22,\"memory_private_dirty\":\"53 MB\",\"memory_total\":\"291 MB\"}","tag":"app.system_event"}
2021-07-06T12:05:21+00:00	app.system_event	{"message":" | {\"frida_heap_size\":22,\"memory_private_dirty\":\"53 MB\",\"memory_total\":\"290 MB\"}","tag":"app.system_event"}
2021-07-06T12:05:23+00:00	app.system_event	{"message":" | {\"frida_heap_size\":22,\"memory_private_dirty\":\"53 MB\",\"memory_total\":\"290 MB\"}","tag":"app.system_event"}
2021-07-06T12:05:25+00:00	app.system_event	{"message":" | {\"frida_heap_size\":22,\"memory_private_dirty\":\"53 MB\",\"memory_total\":\"290 MB\"}","tag":"app.system_event"}
2021-07-06T12:05:27+00:00	app.system_event	{"message":" | {\"frida_heap_size\":22,\"memory_private_dirty\":\"53 MB\",\"memory_total\":\"290 MB\"}","tag":"app.system_event"}
2021-07-06T12:05:29+00:00	app.system_event	{"message":" | {\"frida_heap_size\":22,\"memory_private_dirty\":\"53 MB\",\"memory_total\":\"290 MB\"}","tag":"app.system_event"}
2021-07-06T12:05:31+00:00	app.system_event	{"message":" | {\"frida_heap_size\":21,\"memory_private_dirty\":\"53 MB\",\"memory_total\":\"290 MB\"}","tag":"app.system_event"}
2021-07-06T12:07:25+00:00	app.system_event	{"message":" | {\"frida_heap_size\":19,\"memory_private_dirty\":\"48 MB\",\"memory_total\":\"122 MB\"}","tag":"app.system_event"}
2021-07-06T12:07:25+00:00	app.system_init	{"message":" | {\"lifecycle\":\"connected_to_ingestor\",\"timestamp\":\"872673538762733\"}","tag":"app.system_init"}
2021-07-06T12:07:27+00:00	app.system_event	{"message":" | {\"frida_heap_size\":20,\"memory_private_dirty\":\"48 MB\",\"memory_total\":\"122 MB\"}","tag":"app.system_event"}
2021-07-06T12:07:29+00:00	app.system_event	{"message":" | {\"frida_heap_size\":20,\"memory_private_dirty\":\"48 MB\",\"memory_total\":\"123 MB\"}","tag":"app.system_event"}
2021-07-06T12:07:31+00:00	app.system_event	{"message":" | {\"frida_heap_size\":20,\"memory_private_dirty\":\"44 MB\",\"memory_total\":\"121 MB\"}","tag":"app.system_event"}
2021-07-06T12:07:33+00:00	app.system_event	{"message":" | {\"frida_heap_size\":20,\"memory_private_dirty\":\"41 MB\",\"memory_total\":\"118 MB\"}","tag":"app.system_event"}
2021-07-06T12:07:35+00:00	app.system_event	{"message":" | {\"frida_heap_size\":20,\"memory_private_dirty\":\"38 MB\",\"memory_total\":\"116 MB\"}","tag":"app.system_event"}
2021-07-06T12:07:37+00:00	app.system_event	{"message":" | {\"frida_heap_size\":20,\"memory_private_dirty\":\"35 MB\",\"memory_total\":\"113 MB\"}","tag":"app.system_event"}
2021-07-06T12:07:39+00:00	app.system_event	{"message":" | {\"frida_heap_size\":23,\"memory_private_dirty\":\"41 MB\",\"memory_total\":\"155 MB\"}","tag":"app.system_event"}
2021-07-06T12:07:41+00:00	app.system_event	{"message":" | {\"frida_heap_size\":24,\"memory_private_dirty\":\"40 MB\",\"memory_total\":\"191 MB\"}","tag":"app.system_event"}
2021-07-06T12:07:43+00:00	app.system_event	{"message":" | {\"frida_heap_size\":24,\"memory_private_dirty\":\"41 MB\",\"memory_total\":\"193 MB\"}","tag":"app.system_event"}
2021-07-06T12:07:45+00:00	app.system_event	{"message":" | {\"frida_heap_size\":24,\"memory_private_dirty\":\"41 MB\",\"memory_total\":\"196 MB\"}","tag":"app.system_event"}
2021-07-06T12:07:47+00:00	app.system_event	{"message":" | {\"frida_heap_size\":24,\"memory_private_dirty\":\"41 MB\",\"memory_total\":\"216 MB\"}","tag":"app.system_event"}
2021-07-06T12:07:49+00:00	app.system_event	{"message":" | {\"frida_heap_size\":24,\"memory_private_dirty\":\"56 MB\",\"memory_total\":\"246 MB\"}","tag":"app.system_event"}
2021-07-06T12:07:51+00:00	app.system_event	{"message":" | {\"frida_heap_size\":24,\"memory_private_dirty\":\"56 MB\",\"memory_total\":\"252 MB\"}","tag":"app.system_event"}
2021-07-06T12:07:53+00:00	app.system_event	{"message":" | {\"frida_heap_size\":25,\"memory_private_dirty\":\"56 MB\",\"memory_total\":\"253 MB\"}","tag":"app.system_event"}
2021-07-06T12:07:54+00:00	app.player_event	{"message":" | {\"event\":\"internal_change\",\"timestamp\":\"872702695934597\",\"internal_play_state\":{\"play_state\":3}}","tag":"app.player_event"}
2021-07-06T12:07:55+00:00	app.system_event	{"message":" | {\"frida_heap_size\":25,\"memory_private_dirty\":\"56 MB\",\"memory_total\":\"274 MB\"}","tag":"app.system_event"}
2021-07-06T12:07:57+00:00	app.system_event	{"message":" | {\"frida_heap_size\":25,\"memory_private_dirty\":\"56 MB\",\"memory_total\":\"275 MB\"}","tag":"app.system_event"}
2021-07-06T12:07:59+00:00	app.system_event	{"message":" | {\"frida_heap_size\":25,\"memory_private_dirty\":\"56 MB\",\"memory_total\":\"276 MB\"}","tag":"app.system_event"}
2021-07-06T12:08:01+00:00	app.system_event	{"message":" | {\"frida_heap_size\":25,\"memory_private_dirty\":\"56 MB\",\"memory_total\":\"276 MB\"}","tag":"app.system_event"}
2021-07-06T12:08:03+00:00	app.system_event	{"message":" | {\"frida_heap_size\":25,\"memory_private_dirty\":\"56 MB\",\"memory_total\":\"298 MB\"}","tag":"app.system_event"}
2021-07-06T12:08:05+00:00	app.system_event	{"message":" | {\"frida_heap_size\":25,\"memory_private_dirty\":\"56 MB\",\"memory_total\":\"300 MB\"}","tag":"app.system_event"}
2021-07-06T12:08:07+00:00	app.system_event	{"message":" | {\"frida_heap_size\":25,\"memory_private_dirty\":\"56 MB\",\"memory_total\":\"197 MB\"}","tag":"app.system_event"}
2021-07-06T12:08:07+00:00	app.player_event	{"message":" | {\"event\":\"ui_change\",\"timestamp\":\"872715517576819\",\"internal_play_state\":{\"play_state\":3},\"ui_play_state\":{\"player_state\":{\"paused\":false,\"playing\":true}}}","tag":"app.player_event"}
2021-07-06T12:08:07+00:00	app.player_event	{"message":" | {\"event\":\"internal_change\",\"timestamp\":\"872715608298242\",\"internal_play_state\":{\"play_state\":2},\"ui_play_state\":{\"player_state\":{\"paused\":false,\"playing\":true}}}","tag":"app.player_event"}
2021-07-06T12:08:07+00:00	app.player_event	{"message":" | {\"event\":\"internal_change\",\"timestamp\":\"872715611107780\",\"internal_play_state\":{\"play_state\":1},\"ui_play_state\":{\"player_state\":{\"paused\":false,\"playing\":true}}}","tag":"app.player_event"}
2021-07-06T12:08:08+00:00	app.player_event	{"message":" | {\"event\":\"internal_change\",\"timestamp\":\"872716374826472\",\"internal_play_state\":{\"play_state\":3},\"ui_play_state\":{\"player_state\":{\"paused\":false,\"playing\":true}}}","tag":"app.player_event"}
2021-07-06T12:08:09+00:00	app.system_event	{"message":" | {\"frida_heap_size\":24,\"memory_private_dirty\":\"57 MB\",\"memory_total\":\"241 MB\"}","tag":"app.system_event"}
2021-07-06T12:08:11+00:00	app.system_event	{"message":" | {\"frida_heap_size\":24,\"memory_private_dirty\":\"57 MB\",\"memory_total\":\"202 MB\"}","tag":"app.system_event"}
2021-07-06T12:08:13+00:00	app.system_event	{"message":" | {\"frida_heap_size\":24,\"memory_private_dirty\":\"57 MB\",\"memory_total\":\"204 MB\"}","tag":"app.system_event"}
2021-07-06T12:08:15+00:00	app.system_event	{"message":" | {\"frida_heap_size\":24,\"memory_private_dirty\":\"57 MB\",\"memory_total\":\"205 MB\"}","tag":"app.system_event"}
2021-07-06T12:08:17+00:00	app.player_event	{"message":" | {\"event\":\"internal_change\",\"timestamp\":\"872725207575927\",\"internal_play_state\":{\"play_state\":2},\"ui_play_state\":{\"player_state\":{\"paused\":false,\"playing\":true}}}","tag":"app.player_event"}
2021-07-06T12:08:17+00:00	app.player_event	{"message":" | {\"event\":\"internal_change\",\"timestamp\":\"872725215304273\",\"internal_play_state\":{\"play_state\":1},\"ui_play_state\":{\"player_state\":{\"paused\":false,\"playing\":true}}}","tag":"app.player_event"}
2021-07-06T12:08:17+00:00	app.player_event	{"message":" | {\"event\":\"internal_change\",\"timestamp\":\"872725235296812\",\"internal_play_state\":{\"play_state\":3},\"ui_play_state\":{\"player_state\":{\"paused\":false,\"playing\":true}}}","tag":"app.player_event"}
2021-07-06T12:08:17+00:00	app.system_event	{"message":" | {\"frida_heap_size\":24,\"memory_private_dirty\":\"57 MB\",\"memory_total\":\"222 MB\"}","tag":"app.system_event"}
2021-07-06T12:08:19+00:00	app.system_event	{"message":" | {\"frida_heap_size\":24,\"memory_private_dirty\":\"57 MB\",\"memory_total\":\"223 MB\"}","tag":"app.system_event"}
2021-07-06T12:08:21+00:00	app.system_event	{"message":" | {\"frida_heap_size\":24,\"memory_private_dirty\":\"57 MB\",\"memory_total\":\"224 MB\"}","tag":"app.system_event"}
2021-07-06T12:08:23+00:00	app.system_event	{"message":" | {\"frida_heap_size\":25,\"memory_private_dirty\":\"57 MB\",\"memory_total\":\"225 MB\"}","tag":"app.system_event"}
2021-07-06T12:08:25+00:00	app.system_event	{"message":" | {\"frida_heap_size\":25,\"memory_private_dirty\":\"57 MB\",\"memory_total\":\"226 MB\"}","tag":"app.system_event"}
2021-07-06T12:08:27+00:00	app.system_event	{"message":" | {\"frida_heap_size\":25,\"memory_private_dirty\":\"57 MB\",\"memory_total\":\"227 MB\"}","tag":"app.system_event"}
2021-07-06T12:08:29+00:00	app.system_event	{"message":" | {\"frida_heap_size\":25,\"memory_private_dirty\":\"57 MB\",\"memory_total\":\"227 MB\"}","tag":"app.system_event"}
2021-07-06T12:08:31+00:00	app.system_event	{"message":" | {\"frida_heap_size\":25,\"memory_private_dirty\":\"57 MB\",\"memory_total\":\"228 MB\"}","tag":"app.system_event"}
2021-07-06T12:08:33+00:00	app.system_event	{"message":" | {\"frida_heap_size\":25,\"memory_private_dirty\":\"57 MB\",\"memory_total\":\"228 MB\"}","tag":"app.system_event"}
2021-07-06T12:08:35+00:00	app.system_event	{"message":" | {\"frida_heap_size\":25,\"memory_private_dirty\":\"57 MB\",\"memory_total\":\"229 MB\"}","tag":"app.system_event"}
2021-07-06T12:08:37+00:00	app.system_event	{"message":" | {\"frida_heap_size\":25,\"memory_private_dirty\":\"57 MB\",\"memory_total\":\"230 MB\"}","tag":"app.system_event"}
2021-07-06T12:08:39+00:00	app.system_event	{"message":" | {\"frida_heap_size\":25,\"memory_private_dirty\":\"57 MB\",\"memory_total\":\"212 MB\"}","tag":"app.system_event"}
2021-07-06T12:08:41+00:00	app.player_event	{"message":" | {\"event\":\"internal_change\",\"timestamp\":\"872749430290141\",\"internal_play_state\":{\"play_state\":2},\"ui_play_state\":{\"player_state\":{\"paused\":false,\"playing\":true}}}","tag":"app.player_event"}
2021-07-06T12:08:41+00:00	app.player_event	{"message":" | {\"event\":\"internal_change\",\"timestamp\":\"872749437206487\",\"internal_play_state\":{\"play_state\":1},\"ui_play_state\":{\"player_state\":{\"paused\":false,\"playing\":true}}}","tag":"app.player_event"}
2021-07-06T12:08:41+00:00	app.system_event	{"message":" | {\"frida_heap_size\":25,\"memory_private_dirty\":\"57 MB\",\"memory_total\":\"226 MB\"}","tag":"app.system_event"}
2021-07-06T12:08:41+00:00	app.player_event	{"message":" | {\"event\":\"internal_change\",\"timestamp\":\"872749459282102\",\"internal_play_state\":{\"play_state\":3},\"ui_play_state\":{\"player_state\":{\"paused\":false,\"playing\":true}}}","tag":"app.player_event"}
2021-07-06T12:08:43+00:00	app.system_event	{"message":" | {\"frida_heap_size\":25,\"memory_private_dirty\":\"57 MB\",\"memory_total\":\"230 MB\"}","tag":"app.system_event"}
2021-07-06T12:08:45+00:00	app.system_event	{"message":" | {\"frida_heap_size\":25,\"memory_private_dirty\":\"57 MB\",\"memory_total\":\"231 MB\"}","tag":"app.system_event"}
2021-07-06T12:08:47+00:00	app.system_event	{"message":" | {\"frida_heap_size\":25,\"memory_private_dirty\":\"57 MB\",\"memory_total\":\"231 MB\"}","tag":"app.system_event"}
2021-07-06T12:08:49+00:00	app.system_event	{"message":" | {\"frida_heap_size\":25,\"memory_private_dirty\":\"57 MB\",\"memory_total\":\"232 MB\"}","tag":"app.system_event"}
2021-07-06T12:08:50+00:00	app.player_event	{"message":" | {\"event\":\"ui_change\",\"timestamp\":\"872758154724057\",\"internal_play_state\":{\"play_state\":3},\"ui_play_state\":{\"player_state\":{\"paused\":true,\"playing\":true}}}","tag":"app.player_event"}
2021-07-06T12:08:50+00:00	app.player_event	{"message":" | {\"event\":\"internal_change\",\"timestamp\":\"872758349224942\",\"internal_play_state\":{\"play_state\":2},\"ui_play_state\":{\"player_state\":{\"paused\":true,\"playing\":true}}}","tag":"app.player_event"}
2021-07-06T12:08:51+00:00	app.system_event	{"message":" | {\"frida_heap_size\":25,\"memory_private_dirty\":\"57 MB\",\"memory_total\":\"236 MB\"}","tag":"app.system_event"}
2021-07-06T12:08:52+00:00	app.player_event	{"message":" | {\"event\":\"ui_change\",\"timestamp\":\"872760413627671\",\"internal_play_state\":{\"play_state\":2},\"ui_play_state\":{\"player_state\":{\"paused\":false,\"playing\":true}}}","tag":"app.player_event"}
2021-07-06T12:08:52+00:00	app.player_event	{"message":" | {\"event\":\"internal_change\",\"timestamp\":\"872760431815556\",\"internal_play_state\":{\"play_state\":3},\"ui_play_state\":{\"player_state\":{\"paused\":false,\"playing\":true}}}","tag":"app.player_event"}
2021-07-06T12:08:53+00:00	app.system_event	{"message":" | {\"frida_heap_size\":25,\"memory_private_dirty\":\"57 MB\",\"memory_total\":\"240 MB\"}","tag":"app.system_event"}
2021-07-06T12:08:54+00:00	app.player_event	{"message":" | {\"event\":\"internal_change\",\"timestamp\":\"872762789747631\",\"internal_play_state\":{\"play_state\":2},\"ui_play_state\":{\"player_state\":{\"paused\":false,\"playing\":true}}}","tag":"app.player_event"}
2021-07-06T12:08:54+00:00	app.player_event	{"message":" | {\"event\":\"internal_change\",\"timestamp\":\"872762796547170\",\"internal_play_state\":{\"play_state\":1},\"ui_play_state\":{\"player_state\":{\"paused\":false,\"playing\":true}}}","tag":"app.player_event"}
2021-07-06T12:08:54+00:00	app.player_event	{"message":" | {\"event\":\"internal_change\",\"timestamp\":\"872762817104093\",\"internal_play_state\":{\"play_state\":3},\"ui_play_state\":{\"player_state\":{\"paused\":false,\"playing\":true}}}","tag":"app.player_event"}
2021-07-06T12:08:55+00:00	app.system_event	{"message":" | {\"frida_heap_size\":25,\"memory_private_dirty\":\"57 MB\",\"memory_total\":\"216 MB\"}","tag":"app.system_event"}
2021-07-06T12:08:57+00:00	app.system_event	{"message":" | {\"frida_heap_size\":25,\"memory_private_dirty\":\"57 MB\",\"memory_total\":\"216 MB\"}","tag":"app.system_event"}
2021-07-06T12:08:58+00:00	app.player_event	{"message":" | {\"event\":\"ui_change\",\"timestamp\":\"872766134720706\",\"internal_play_state\":{\"play_state\":3},\"ui_play_state\":{\"player_state\":{\"paused\":true,\"playing\":true}}}","tag":"app.player_event"}
2021-07-06T12:08:58+00:00	app.player_event	{"message":" | {\"event\":\"internal_change\",\"timestamp\":\"872766228763629\",\"internal_play_state\":{\"play_state\":2},\"ui_play_state\":{\"player_state\":{\"paused\":true,\"playing\":true}}}","tag":"app.player_event"}
2021-07-06T12:08:59+00:00	app.system_event	{"message":" | {\"frida_heap_size\":25,\"memory_private_dirty\":\"57 MB\",\"memory_total\":\"219 MB\"}","tag":"app.system_event"}
2021-07-06T12:09:01+00:00	app.system_event	{"message":" | {\"frida_heap_size\":25,\"memory_private_dirty\":\"57 MB\",\"memory_total\":\"220 MB\"}","tag":"app.system_event"}
2021-07-06T12:09:03+00:00	app.system_event	{"message":" | {\"frida_heap_size\":25,\"memory_private_dirty\":\"57 MB\",\"memory_total\":\"220 MB\"}","tag":"app.system_event"}
2021-07-06T12:09:05+00:00	app.system_event	{"message":" | {\"frida_heap_size\":25,\"memory_private_dirty\":\"57 MB\",\"memory_total\":\"220 MB\"}","tag":"app.system_event"}
2021-07-06T12:09:07+00:00	app.system_event	{"message":" | {\"frida_heap_size\":25,\"memory_private_dirty\":\"57 MB\",\"memory_total\":\"220 MB\"}","tag":"app.system_event"}
2021-07-06T12:09:09+00:00	app.system_event	{"message":" | {\"frida_heap_size\":24,\"memory_private_dirty\":\"57 MB\",\"memory_total\":\"219 MB\"}","tag":"app.system_event"}
2021-07-06T12:09:11+00:00	app.system_event	{"message":" | {\"frida_heap_size\":24,\"memory_private_dirty\":\"57 MB\",\"memory_total\":\"219 MB\"}","tag":"app.system_event"}
2021-07-06T12:09:13+00:00	app.system_event	{"message":" | {\"frida_heap_size\":24,\"memory_private_dirty\":\"57 MB\",\"memory_total\":\"219 MB\"}","tag":"app.system_event"}
2021-07-06T12:09:15+00:00	app.system_event	{"message":" | {\"frida_heap_size\":24,\"memory_private_dirty\":\"57 MB\",\"memory_total\":\"219 MB\"}","tag":"app.system_event"}
2021-07-06T12:09:17+00:00	app.system_event	{"message":" | {\"frida_heap_size\":24,\"memory_private_dirty\":\"57 MB\",\"memory_total\":\"219 MB\"}","tag":"app.system_event"}
2021-07-06T12:09:19+00:00	app.system_event	{"message":" | {\"frida_heap_size\":24,\"memory_private_dirty\":\"57 MB\",\"memory_total\":\"219 MB\"}","tag":"app.system_event"}
2021-07-06T12:09:21+00:00	app.system_event	{"message":" | {\"frida_heap_size\":24,\"memory_private_dirty\":\"57 MB\",\"memory_total\":\"219 MB\"}","tag":"app.system_event"}
2021-07-06T12:09:23+00:00	app.system_event	{"message":" | {\"frida_heap_size\":23,\"memory_private_dirty\":\"57 MB\",\"memory_total\":\"219 MB\"}","tag":"app.system_event"}
2021-07-06T12:09:25+00:00	app.system_event	{"message":" | {\"frida_heap_size\":23,\"memory_private_dirty\":\"56 MB\",\"memory_total\":\"218 MB\"}","tag":"app.system_event"}
2021-07-06T12:09:27+00:00	app.system_event	{"message":" | {\"frida_heap_size\":23,\"memory_private_dirty\":\"56 MB\",\"memory_total\":\"218 MB\"}","tag":"app.system_event"}
2021-07-06T12:09:29+00:00	app.system_event	{"message":" | {\"frida_heap_size\":23,\"memory_private_dirty\":\"56 MB\",\"memory_total\":\"218 MB\"}","tag":"app.system_event"}
2021-07-06T12:09:31+00:00	app.system_event	{"message":" | {\"frida_heap_size\":23,\"memory_private_dirty\":\"56 MB\",\"memory_total\":\"218 MB\"}","tag":"app.system_event"}
2021-07-06T12:09:33+00:00	app.system_event	{"message":" | {\"frida_heap_size\":23,\"memory_private_dirty\":\"56 MB\",\"memory_total\":\"218 MB\"}","tag":"app.system_event"}
2021-07-06T12:09:35+00:00	app.system_event	{"message":" | {\"frida_heap_size\":23,\"memory_private_dirty\":\"56 MB\",\"memory_total\":\"218 MB\"}","tag":"app.system_event"}
2021-07-06T12:09:37+00:00	app.system_event	{"message":" | {\"frida_heap_size\":23,\"memory_private_dirty\":\"56 MB\",\"memory_total\":\"218 MB\"}","tag":"app.system_event"}
2021-07-06T12:09:39+00:00	app.system_event	{"message":" | {\"frida_heap_size\":24,\"memory_private_dirty\":\"56 MB\",\"memory_total\":\"218 MB\"}","tag":"app.system_event"}
2021-07-06T12:09:41+00:00	app.system_event	{"message":" | {\"frida_heap_size\":24,\"memory_private_dirty\":\"56 MB\",\"memory_total\":\"218 MB\"}","tag":"app.system_event"}
2021-07-06T12:09:43+00:00	app.system_event	{"message":" | {\"frida_heap_size\":23,\"memory_private_dirty\":\"56 MB\",\"memory_total\":\"218 MB\"}","tag":"app.system_event"}
2021-07-06T12:09:45+00:00	app.system_event	{"message":" | {\"frida_heap_size\":23,\"memory_private_dirty\":\"56 MB\",\"memory_total\":\"218 MB\"}","tag":"app.system_event"}
2021-07-06T12:09:47+00:00	app.system_event	{"message":" | {\"frida_heap_size\":23,\"memory_private_dirty\":\"56 MB\",\"memory_total\":\"218 MB\"}","tag":"app.system_event"}
2021-07-06T12:09:49+00:00	app.system_event	{"message":" | {\"frida_heap_size\":23,\"memory_private_dirty\":\"56 MB\",\"memory_total\":\"218 MB\"}","tag":"app.system_event"}
2021-07-06T12:09:51+00:00	app.system_event	{"message":" | {\"frida_heap_size\":23,\"memory_private_dirty\":\"56 MB\",\"memory_total\":\"219 MB\"}","tag":"app.system_event"}
2021-07-06T12:09:53+00:00	app.system_event	{"message":" | {\"frida_heap_size\":23,\"memory_private_dirty\":\"56 MB\",\"memory_total\":\"219 MB\"}","tag":"app.system_event"}
2021-07-06T12:09:55+00:00	app.system_event	{"message":" | {\"frida_heap_size\":23,\"memory_private_dirty\":\"56 MB\",\"memory_total\":\"218 MB\"}","tag":"app.system_event"}
2021-07-06T12:09:57+00:00	app.system_event	{"message":" | {\"frida_heap_size\":23,\"memory_private_dirty\":\"56 MB\",\"memory_total\":\"218 MB\"}","tag":"app.system_event"}
2021-07-06T12:09:59+00:00	app.system_event	{"message":" | {\"frida_heap_size\":23,\"memory_private_dirty\":\"56 MB\",\"memory_total\":\"218 MB\"}","tag":"app.system_event"}
2021-07-06T12:10:01+00:00	app.system_event	{"message":" | {\"frida_heap_size\":23,\"memory_private_dirty\":\"56 MB\",\"memory_total\":\"218 MB\"}","tag":"app.system_event"}
2021-07-06T12:10:03+00:00	app.system_event	{"message":" | {\"frida_heap_size\":23,\"memory_private_dirty\":\"56 MB\",\"memory_total\":\"218 MB\"}","tag":"app.system_event"}
2021-07-06T12:10:05+00:00	app.system_event	{"message":" | {\"frida_heap_size\":23,\"memory_private_dirty\":\"56 MB\",\"memory_total\":\"218 MB\"}","tag":"app.system_event"}
2021-07-06T12:10:07+00:00	app.system_event	{"message":" | {\"frida_heap_size\":23,\"memory_private_dirty\":\"56 MB\",\"memory_total\":\"218 MB\"}","tag":"app.system_event"}
2021-07-06T12:10:09+00:00	app.system_event	{"message":" | {\"frida_heap_size\":23,\"memory_private_dirty\":\"56 MB\",\"memory_total\":\"218 MB\"}","tag":"app.system_event"}
2021-07-06T12:10:11+00:00	app.system_event	{"message":" | {\"frida_heap_size\":23,\"memory_private_dirty\":\"56 MB\",\"memory_total\":\"218 MB\"}","tag":"app.system_event"}
2021-07-06T12:10:13+00:00	app.system_event	{"message":" | {\"frida_heap_size\":23,\"memory_private_dirty\":\"56 MB\",\"memory_total\":\"218 MB\"}","tag":"app.system_event"}
2021-07-06T12:10:15+00:00	app.system_event	{"message":" | {\"frida_heap_size\":23,\"memory_private_dirty\":\"56 MB\",\"memory_total\":\"218 MB\"}","tag":"app.system_event"}
2021-07-06T12:10:17+00:00	app.system_event	{"message":" | {\"frida_heap_size\":23,\"memory_private_dirty\":\"56 MB\",\"memory_total\":\"218 MB\"}","tag":"app.system_event"}
2021-07-06T12:10:19+00:00	app.system_event	{"message":" | {\"frida_heap_size\":23,\"memory_private_dirty\":\"56 MB\",\"memory_total\":\"218 MB\"}","tag":"app.system_event"}
2021-07-06T12:10:21+00:00	app.system_event	{"message":" | {\"frida_heap_size\":23,\"memory_private_dirty\":\"56 MB\",\"memory_total\":\"218 MB\"}","tag":"app.system_event"}
2021-07-06T12:10:23+00:00	app.system_event	{"message":" | {\"frida_heap_size\":22,\"memory_private_dirty\":\"56 MB\",\"memory_total\":\"218 MB\"}","tag":"app.system_event"}
2021-07-06T12:10:25+00:00	app.system_event	{"message":" | {\"frida_heap_size\":22,\"memory_private_dirty\":\"56 MB\",\"memory_total\":\"218 MB\"}","tag":"app.system_event"}
2021-07-06T12:10:27+00:00	app.system_event	{"message":" | {\"frida_heap_size\":22,\"memory_private_dirty\":\"56 MB\",\"memory_total\":\"218 MB\"}","tag":"app.system_event"}
2021-07-06T12:10:29+00:00	app.system_event	{"message":" | {\"frida_heap_size\":22,\"memory_private_dirty\":\"56 MB\",\"memory_total\":\"218 MB\"}","tag":"app.system_event"}
2021-07-06T12:10:31+00:00	app.system_event	{"message":" | {\"frida_heap_size\":22,\"memory_private_dirty\":\"56 MB\",\"memory_total\":\"218 MB\"}","tag":"app.system_event"}
2021-07-06T12:10:33+00:00	app.system_event	{"message":" | {\"frida_heap_size\":22,\"memory_private_dirty\":\"56 MB\",\"memory_total\":\"218 MB\"}","tag":"app.system_event"}
2021-07-06T12:10:35+00:00	app.system_event	{"message":" | {\"frida_heap_size\":22,\"memory_private_dirty\":\"56 MB\",\"memory_total\":\"218 MB\"}","tag":"app.system_event"}
2021-07-06T12:10:37+00:00	app.system_event	{"message":" | {\"frida_heap_size\":22,\"memory_private_dirty\":\"56 MB\",\"memory_total\":\"218 MB\"}","tag":"app.system_event"}
2021-07-06T12:10:39+00:00	app.system_event	{"message":" | {\"frida_heap_size\":22,\"memory_private_dirty\":\"56 MB\",\"memory_total\":\"218 MB\"}","tag":"app.system_event"}
2021-07-06T12:10:41+00:00	app.system_event	{"message":" | {\"frida_heap_size\":22,\"memory_private_dirty\":\"56 MB\",\"memory_total\":\"218 MB\"}","tag":"app.system_event"}
2021-07-06T12:10:43+00:00	app.system_event	{"message":" | {\"frida_heap_size\":22,\"memory_private_dirty\":\"56 MB\",\"memory_total\":\"218 MB\"}","tag":"app.system_event"}
2021-07-06T12:10:45+00:00	app.system_event	{"message":" | {\"frida_heap_size\":22,\"memory_private_dirty\":\"56 MB\",\"memory_total\":\"218 MB\"}","tag":"app.system_event"}
2021-07-06T12:10:47+00:00	app.system_event	{"message":" | {\"frida_heap_size\":22,\"memory_private_dirty\":\"56 MB\",\"memory_total\":\"218 MB\"}","tag":"app.system_event"}
2021-07-06T12:10:49+00:00	app.system_event	{"message":" | {\"frida_heap_size\":22,\"memory_private_dirty\":\"56 MB\",\"memory_total\":\"218 MB\"}","tag":"app.system_event"}
2021-07-06T12:10:51+00:00	app.system_event	{"message":" | {\"frida_heap_size\":22,\"memory_private_dirty\":\"56 MB\",\"memory_total\":\"218 MB\"}","tag":"app.system_event"}
2021-07-06T12:10:53+00:00	app.system_event	{"message":" | {\"frida_heap_size\":22,\"memory_private_dirty\":\"56 MB\",\"memory_total\":\"218 MB\"}","tag":"app.system_event"}
2021-07-06T12:10:55+00:00	app.system_event	{"message":" | {\"frida_heap_size\":22,\"memory_private_dirty\":\"56 MB\",\"memory_total\":\"218 MB\"}","tag":"app.system_event"}
2021-07-06T12:10:57+00:00	app.system_event	{"message":" | {\"frida_heap_size\":22,\"memory_private_dirty\":\"56 MB\",\"memory_total\":\"218 MB\"}","tag":"app.system_event"}
2021-07-06T12:10:59+00:00	app.system_event	{"message":" | {\"frida_heap_size\":22,\"memory_private_dirty\":\"56 MB\",\"memory_total\":\"218 MB\"}","tag":"app.system_event"}
2021-07-06T12:11:01+00:00	app.system_event	{"message":" | {\"frida_heap_size\":22,\"memory_private_dirty\":\"56 MB\",\"memory_total\":\"218 MB\"}","tag":"app.system_event"}
2021-07-06T12:11:03+00:00	app.system_event	{"message":" | {\"frida_heap_size\":22,\"memory_private_dirty\":\"56 MB\",\"memory_total\":\"218 MB\"}","tag":"app.system_event"}
2021-07-06T12:11:05+00:00	app.system_event	{"message":" | {\"frida_heap_size\":22,\"memory_private_dirty\":\"56 MB\",\"memory_total\":\"218 MB\"}","tag":"app.system_event"}
2021-07-06T12:11:07+00:00	app.system_event	{"message":" | {\"frida_heap_size\":22,\"memory_private_dirty\":\"56 MB\",\"memory_total\":\"218 MB\"}","tag":"app.system_event"}
2021-07-06T12:11:09+00:00	app.system_event	{"message":" | {\"frida_heap_size\":22,\"memory_private_dirty\":\"56 MB\",\"memory_total\":\"218 MB\"}","tag":"app.system_event"}
2021-07-06T12:11:11+00:00	app.system_event	{"message":" | {\"frida_heap_size\":22,\"memory_private_dirty\":\"56 MB\",\"memory_total\":\"218 MB\"}","tag":"app.system_event"}
2021-07-06T12:11:13+00:00	app.system_event	{"message":" | {\"frida_heap_size\":22,\"memory_private_dirty\":\"56 MB\",\"memory_total\":\"218 MB\"}","tag":"app.system_event"}
2021-07-06T12:11:15+00:00	app.system_event	{"message":" | {\"frida_heap_size\":22,\"memory_private_dirty\":\"56 MB\",\"memory_total\":\"218 MB\"}","tag":"app.system_event"}
2021-07-06T12:11:17+00:00	app.system_event	{"message":" | {\"frida_heap_size\":22,\"memory_private_dirty\":\"56 MB\",\"memory_total\":\"218 MB\"}","tag":"app.system_event"}
2021-07-06T12:11:19+00:00	app.system_event	{"message":" | {\"frida_heap_size\":22,\"memory_private_dirty\":\"56 MB\",\"memory_total\":\"218 MB\"}","tag":"app.system_event"}
2021-07-06T12:11:21+00:00	app.system_event	{"message":" | {\"frida_heap_size\":22,\"memory_private_dirty\":\"56 MB\",\"memory_total\":\"218 MB\"}","tag":"app.system_event"}
2021-07-06T12:11:23+00:00	app.system_event	{"message":" | {\"frida_heap_size\":22,\"memory_private_dirty\":\"56 MB\",\"memory_total\":\"218 MB\"}","tag":"app.system_event"}
2021-07-06T12:11:25+00:00	app.system_event	{"message":" | {\"frida_heap_size\":22,\"memory_private_dirty\":\"56 MB\",\"memory_total\":\"218 MB\"}","tag":"app.system_event"}
2021-07-06T12:11:27+00:00	app.system_event	{"message":" | {\"frida_heap_size\":22,\"memory_private_dirty\":\"56 MB\",\"memory_total\":\"218 MB\"}","tag":"app.system_event"}
2021-07-06T12:11:29+00:00	app.system_event	{"message":" | {\"frida_heap_size\":22,\"memory_private_dirty\":\"56 MB\",\"memory_total\":\"218 MB\"}","tag":"app.system_event"}
2021-07-06T12:11:31+00:00	app.system_event	{"message":" | {\"frida_heap_size\":22,\"memory_private_dirty\":\"56 MB\",\"memory_total\":\"218 MB\"}","tag":"app.system_event"}
2021-07-06T12:11:33+00:00	app.system_event	{"message":" | {\"frida_heap_size\":22,\"memory_private_dirty\":\"56 MB\",\"memory_total\":\"218 MB\"}","tag":"app.system_event"}
2021-07-06T12:11:35+00:00	app.system_event	{"message":" | {\"frida_heap_size\":21,\"memory_private_dirty\":\"56 MB\",\"memory_total\":\"218 MB\"}","tag":"app.system_event"}
2021-07-06T12:11:37+00:00	app.system_event	{"message":" | {\"frida_heap_size\":21,\"memory_private_dirty\":\"56 MB\",\"memory_total\":\"218 MB\"}","tag":"app.system_event"}
2021-07-06T12:11:39+00:00	app.system_event	{"message":" | {\"frida_heap_size\":21,\"memory_private_dirty\":\"56 MB\",\"memory_total\":\"218 MB\"}","tag":"app.system_event"}
2021-07-06T12:11:41+00:00	app.system_event	{"message":" | {\"frida_heap_size\":21,\"memory_private_dirty\":\"56 MB\",\"memory_total\":\"218 MB\"}","tag":"app.system_event"}
2021-07-06T12:11:43+00:00	app.system_event	{"message":" | {\"frida_heap_size\":21,\"memory_private_dirty\":\"56 MB\",\"memory_total\":\"218 MB\"}","tag":"app.system_event"}
2021-07-06T12:11:45+00:00	app.system_event	{"message":" | {\"frida_heap_size\":21,\"memory_private_dirty\":\"56 MB\",\"memory_total\":\"218 MB\"}","tag":"app.system_event"}
2021-07-06T12:11:47+00:00	app.system_event	{"message":" | {\"frida_heap_size\":21,\"memory_private_dirty\":\"56 MB\",\"memory_total\":\"218 MB\"}","tag":"app.system_event"}
2021-07-06T12:11:49+00:00	app.system_event	{"message":" | {\"frida_heap_size\":21,\"memory_private_dirty\":\"56 MB\",\"memory_total\":\"218 MB\"}","tag":"app.system_event"}
2021-07-06T12:11:51+00:00	app.system_event	{"message":" | {\"frida_heap_size\":21,\"memory_private_dirty\":\"56 MB\",\"memory_total\":\"218 MB\"}","tag":"app.system_event"}
2021-07-06T12:11:53+00:00	app.system_event	{"message":" | {\"frida_heap_size\":21,\"memory_private_dirty\":\"56 MB\",\"memory_total\":\"218 MB\"}","tag":"app.system_event"}
2021-07-06T12:11:55+00:00	app.system_event	{"message":" | {\"frida_heap_size\":21,\"memory_private_dirty\":\"56 MB\",\"memory_total\":\"218 MB\"}","tag":"app.system_event"}
2021-07-06T12:11:57+00:00	app.system_event	{"message":" | {\"frida_heap_size\":21,\"memory_private_dirty\":\"56 MB\",\"memory_total\":\"218 MB\"}","tag":"app.system_event"}
2021-07-06T12:11:59+00:00	app.system_event	{"message":" | {\"frida_heap_size\":21,\"memory_private_dirty\":\"56 MB\",\"memory_total\":\"218 MB\"}","tag":"app.system_event"}
2021-07-06T12:12:01+00:00	app.system_event	{"message":" | {\"frida_heap_size\":21,\"memory_private_dirty\":\"56 MB\",\"memory_total\":\"218 MB\"}","tag":"app.system_event"}
