2021-07-06T11:04:52+00:00	app.player_event	{"message":" | {\"event\":\"ui_change\",\"ui_play_state\":{\"player_state\":{\"paused\":true,\"playing\":true}},\"timestamp\":\"869486054517629\"}","tag":"app.player_event"}
2021-07-06T11:04:52+00:00	app.player_event	{"message":" | {\"event\":\"ui_change\",\"ui_play_state\":{\"player_state\":{\"paused\":false,\"playing\":true}},\"timestamp\":\"869486082034706\"}","tag":"app.player_event"}
2021-07-06T11:04:52+00:00	app.player_event	{"message":" | {\"event\":\"internal_change\",\"ui_play_state\":{\"player_state\":{\"paused\":false,\"playing\":true}},\"timestamp\":\"869486086234591\",\"internal_play_state\":{\"play_state\":3}}","tag":"app.player_event"}
2021-07-06T11:04:53+00:00	app.player_event	{"message":" | {\"event\":\"ui_change\",\"ui_play_state\":{\"player_state\":{\"paused\":true,\"playing\":true}},\"timestamp\":\"869487638825859\",\"internal_play_state\":{\"play_state\":3}}","tag":"app.player_event"}
2021-07-06T11:04:54+00:00	app.system_event	{"message":" | {\"frida_heap_size\":21,\"memory_private_dirty\":\"52 MB\",\"memory_total\":\"281 MB\"}","tag":"app.system_event"}
2021-07-06T11:04:54+00:00	app.player_event	{"message":" | {\"event\":\"internal_change\",\"ui_play_state\":{\"player_state\":{\"paused\":true,\"playing\":true}},\"timestamp\":\"869487840908705\",\"internal_play_state\":{\"play_state\":2}}","tag":"app.player_event"}
2021-07-06T11:04:56+00:00	app.system_event	{"message":" | {\"frida_heap_size\":21,\"memory_private_dirty\":\"52 MB\",\"memory_total\":\"282 MB\"}","tag":"app.system_event"}
2021-07-06T11:04:58+00:00	app.system_event	{"message":" | {\"frida_heap_size\":21,\"memory_private_dirty\":\"52 MB\",\"memory_total\":\"282 MB\"}","tag":"app.system_event"}
2021-07-06T11:04:58+00:00	app.player_event	{"message":" | {\"event\":\"ui_change\",\"ui_play_state\":{\"player_state\":{\"paused\":false,\"playing\":true}},\"timestamp\":\"869491854835587\",\"internal_play_state\":{\"play_state\":2}}","tag":"app.player_event"}
2021-07-06T11:04:58+00:00	app.player_event	{"message":" | {\"event\":\"internal_change\",\"ui_play_state\":{\"player_state\":{\"paused\":false,\"playing\":true}},\"timestamp\":\"869491862085433\",\"internal_play_state\":{\"play_state\":3}}","tag":"app.player_event"}
2021-07-06T11:05:00+00:00	app.system_event	{"message":" | {\"frida_heap_size\":21,\"memory_private_dirty\":\"52 MB\",\"memory_total\":\"286 MB\"}","tag":"app.system_event"}
2021-07-06T11:05:01+00:00	app.player_event	{"message":" | {\"event\":\"ui_change\",\"ui_play_state\":{\"player_state\":{\"paused\":true,\"playing\":true}},\"timestamp\":\"869495246178392\",\"internal_play_state\":{\"play_state\":3}}","tag":"app.player_event"}
2021-07-06T11:05:01+00:00	app.player_event	{"message":" | {\"event\":\"internal_change\",\"ui_play_state\":{\"player_state\":{\"paused\":true,\"playing\":true}},\"timestamp\":\"869495306022084\",\"internal_play_state\":{\"play_state\":2}}","tag":"app.player_event"}
2021-07-06T11:05:02+00:00	app.system_event	{"message":" | {\"frida_heap_size\":21,\"memory_private_dirty\":\"52 MB\",\"memory_total\":\"291 MB\"}","tag":"app.system_event"}
2021-07-06T11:05:04+00:00	app.system_event	{"message":" | {\"frida_heap_size\":21,\"memory_private_dirty\":\"52 MB\",\"memory_total\":\"291 MB\"}","tag":"app.system_event"}
2021-07-06T11:05:06+00:00	app.system_event	{"message":" | {\"frida_heap_size\":21,\"memory_private_dirty\":\"52 MB\",\"memory_total\":\"291 MB\"}","tag":"app.system_event"}
2021-07-06T11:05:08+00:00	app.system_event	{"message":" | {\"frida_heap_size\":21,\"memory_private_dirty\":\"52 MB\",\"memory_total\":\"292 MB\"}","tag":"app.system_event"}
2021-07-06T11:05:10+00:00	app.system_event	{"message":" | {\"frida_heap_size\":21,\"memory_private_dirty\":\"52 MB\",\"memory_total\":\"292 MB\"}","tag":"app.system_event"}
2021-07-06T11:05:12+00:00	app.system_event	{"message":" | {\"frida_heap_size\":21,\"memory_private_dirty\":\"52 MB\",\"memory_total\":\"292 MB\"}","tag":"app.system_event"}
2021-07-06T11:05:14+00:00	app.system_event	{"message":" | {\"frida_heap_size\":21,\"memory_private_dirty\":\"52 MB\",\"memory_total\":\"292 MB\"}","tag":"app.system_event"}
2021-07-06T11:05:15+00:00	app.player_event	{"message":" | {\"event\":\"ui_change\",\"ui_play_state\":{\"player_state\":{\"paused\":false,\"playing\":true}},\"timestamp\":\"869509097348844\",\"internal_play_state\":{\"play_state\":2}}","tag":"app.player_event"}
2021-07-06T11:05:15+00:00	app.player_event	{"message":" | {\"event\":\"internal_change\",\"ui_play_state\":{\"player_state\":{\"paused\":false,\"playing\":true}},\"timestamp\":\"869509100546267\",\"internal_play_state\":{\"play_state\":3}}","tag":"app.player_event"}
2021-07-06T11:05:16+00:00	app.system_event	{"message":" | {\"frida_heap_size\":21,\"memory_private_dirty\":\"52 MB\",\"memory_total\":\"297 MB\"}","tag":"app.system_event"}
2021-07-06T11:05:16+00:00	app.player_event	{"message":" | {\"event\":\"ui_change\",\"ui_play_state\":{\"player_state\":{\"paused\":true,\"playing\":true}},\"timestamp\":\"869510657190958\",\"internal_play_state\":{\"play_state\":3}}","tag":"app.player_event"}
2021-07-06T11:05:17+00:00	app.player_event	{"message":" | {\"event\":\"internal_change\",\"ui_play_state\":{\"player_state\":{\"paused\":true,\"playing\":true}},\"timestamp\":\"869510847700689\",\"internal_play_state\":{\"play_state\":2}}","tag":"app.player_event"}
2021-07-06T11:05:18+00:00	app.system_event	{"message":" | {\"frida_heap_size\":21,\"memory_private_dirty\":\"52 MB\",\"memory_total\":\"301 MB\"}","tag":"app.system_event"}
2021-07-06T11:05:20+00:00	app.system_event	{"message":" | {\"frida_heap_size\":21,\"memory_private_dirty\":\"52 MB\",\"memory_total\":\"301 MB\"}","tag":"app.system_event"}
2021-07-06T11:05:22+00:00	app.system_event	{"message":" | {\"frida_heap_size\":21,\"memory_private_dirty\":\"52 MB\",\"memory_total\":\"302 MB\"}","tag":"app.system_event"}
2021-07-06T11:05:24+00:00	app.system_event	{"message":" | {\"frida_heap_size\":21,\"memory_private_dirty\":\"52 MB\",\"memory_total\":\"302 MB\"}","tag":"app.system_event"}
2021-07-06T11:05:26+00:00	app.system_event	{"message":" | {\"frida_heap_size\":21,\"memory_private_dirty\":\"51 MB\",\"memory_total\":\"302 MB\"}","tag":"app.system_event"}
2021-07-06T11:05:27+00:00	app.player_event	{"message":" | {\"event\":\"internal_change\",\"ui_play_state\":{\"player_state\":{\"paused\":true,\"playing\":true}},\"timestamp\":\"869521363412873\",\"internal_play_state\":{\"play_state\":3}}","tag":"app.player_event"}
2021-07-06T11:05:27+00:00	app.player_event	{"message":" | {\"event\":\"ui_change\",\"ui_play_state\":{\"player_state\":{\"paused\":false,\"playing\":true}},\"timestamp\":\"869521371712604\",\"internal_play_state\":{\"play_state\":3}}","tag":"app.player_event"}
2021-07-06T11:05:28+00:00	app.system_event	{"message":" | {\"frida_heap_size\":21,\"memory_private_dirty\":\"52 MB\",\"memory_total\":\"306 MB\"}","tag":"app.system_event"}
2021-07-06T11:05:28+00:00	app.player_event	{"message":" | {\"event\":\"ui_change\",\"ui_play_state\":{\"player_state\":{\"paused\":true,\"playing\":true}},\"timestamp\":\"869521954707334\",\"internal_play_state\":{\"play_state\":3}}","tag":"app.player_event"}
2021-07-06T11:05:28+00:00	app.player_event	{"message":" | {\"event\":\"internal_change\",\"ui_play_state\":{\"player_state\":{\"paused\":true,\"playing\":true}},\"timestamp\":\"869522102365719\",\"internal_play_state\":{\"play_state\":2}}","tag":"app.player_event"}
2021-07-06T11:05:30+00:00	app.system_event	{"message":" | {\"frida_heap_size\":21,\"memory_private_dirty\":\"52 MB\",\"memory_total\":\"310 MB\"}","tag":"app.system_event"}
2021-07-06T11:05:32+00:00	app.system_event	{"message":" | {\"frida_heap_size\":21,\"memory_private_dirty\":\"52 MB\",\"memory_total\":\"310 MB\"}","tag":"app.system_event"}
2021-07-06T11:05:34+00:00	app.system_event	{"message":" | {\"frida_heap_size\":21,\"memory_private_dirty\":\"52 MB\",\"memory_total\":\"311 MB\"}","tag":"app.system_event"}
2021-07-06T11:05:36+00:00	app.system_event	{"message":" | {\"frida_heap_size\":21,\"memory_private_dirty\":\"52 MB\",\"memory_total\":\"311 MB\"}","tag":"app.system_event"}
2021-07-06T11:05:38+00:00	app.system_event	{"message":" | {\"frida_heap_size\":21,\"memory_private_dirty\":\"52 MB\",\"memory_total\":\"311 MB\"}","tag":"app.system_event"}
2021-07-06T11:05:40+00:00	app.system_event	{"message":" | {\"frida_heap_size\":21,\"memory_private_dirty\":\"52 MB\",\"memory_total\":\"311 MB\"}","tag":"app.system_event"}
2021-07-06T11:05:42+00:00	app.system_event	{"message":" | {\"frida_heap_size\":20,\"memory_private_dirty\":\"52 MB\",\"memory_total\":\"311 MB\"}","tag":"app.system_event"}
2021-07-06T11:05:44+00:00	app.system_event	{"message":" | {\"frida_heap_size\":20,\"memory_private_dirty\":\"52 MB\",\"memory_total\":\"311 MB\"}","tag":"app.system_event"}
2021-07-06T11:05:46+00:00	app.system_event	{"message":" | {\"frida_heap_size\":20,\"memory_private_dirty\":\"52 MB\",\"memory_total\":\"312 MB\"}","tag":"app.system_event"}
2021-07-06T11:05:48+00:00	app.system_event	{"message":" | {\"frida_heap_size\":20,\"memory_private_dirty\":\"52 MB\",\"memory_total\":\"313 MB\"}","tag":"app.system_event"}
2021-07-06T11:05:50+00:00	app.system_event	{"message":" | {\"frida_heap_size\":20,\"memory_private_dirty\":\"52 MB\",\"memory_total\":\"313 MB\"}","tag":"app.system_event"}
2021-07-06T11:05:52+00:00	app.system_event	{"message":" | {\"frida_heap_size\":21,\"memory_private_dirty\":\"52 MB\",\"memory_total\":\"313 MB\"}","tag":"app.system_event"}
2021-07-06T11:05:54+00:00	app.system_event	{"message":" | {\"frida_heap_size\":21,\"memory_private_dirty\":\"52 MB\",\"memory_total\":\"313 MB\"}","tag":"app.system_event"}
2021-07-06T11:05:56+00:00	app.system_event	{"message":" | {\"frida_heap_size\":21,\"memory_private_dirty\":\"52 MB\",\"memory_total\":\"313 MB\"}","tag":"app.system_event"}
2021-07-06T11:05:58+00:00	app.system_event	{"message":" | {\"frida_heap_size\":21,\"memory_private_dirty\":\"52 MB\",\"memory_total\":\"314 MB\"}","tag":"app.system_event"}
2021-07-06T11:06:00+00:00	app.system_event	{"message":" | {\"frida_heap_size\":21,\"memory_private_dirty\":\"52 MB\",\"memory_total\":\"314 MB\"}","tag":"app.system_event"}
2021-07-06T11:06:02+00:00	app.system_event	{"message":" | {\"frida_heap_size\":21,\"memory_private_dirty\":\"52 MB\",\"memory_total\":\"314 MB\"}","tag":"app.system_event"}
2021-07-06T11:06:04+00:00	app.system_event	{"message":" | {\"frida_heap_size\":21,\"memory_private_dirty\":\"52 MB\",\"memory_total\":\"314 MB\"}","tag":"app.system_event"}
2021-07-06T11:06:06+00:00	app.system_event	{"message":" | {\"frida_heap_size\":21,\"memory_private_dirty\":\"52 MB\",\"memory_total\":\"314 MB\"}","tag":"app.system_event"}
2021-07-06T11:06:08+00:00	app.system_event	{"message":" | {\"frida_heap_size\":20,\"memory_private_dirty\":\"52 MB\",\"memory_total\":\"315 MB\"}","tag":"app.system_event"}
2021-07-06T11:06:10+00:00	app.system_event	{"message":" | {\"frida_heap_size\":20,\"memory_private_dirty\":\"52 MB\",\"memory_total\":\"315 MB\"}","tag":"app.system_event"}
2021-07-06T11:06:12+00:00	app.system_event	{"message":" | {\"frida_heap_size\":20,\"memory_private_dirty\":\"52 MB\",\"memory_total\":\"315 MB\"}","tag":"app.system_event"}
2021-07-06T11:06:14+00:00	app.system_event	{"message":" | {\"frida_heap_size\":20,\"memory_private_dirty\":\"52 MB\",\"memory_total\":\"315 MB\"}","tag":"app.system_event"}
2021-07-06T11:06:16+00:00	app.system_event	{"message":" | {\"frida_heap_size\":20,\"memory_private_dirty\":\"52 MB\",\"memory_total\":\"315 MB\"}","tag":"app.system_event"}
2021-07-06T11:06:18+00:00	app.system_event	{"message":" | {\"frida_heap_size\":20,\"memory_private_dirty\":\"52 MB\",\"memory_total\":\"315 MB\"}","tag":"app.system_event"}
2021-07-06T11:06:20+00:00	app.system_event	{"message":" | {\"frida_heap_size\":20,\"memory_private_dirty\":\"52 MB\",\"memory_total\":\"316 MB\"}","tag":"app.system_event"}
2021-07-06T11:06:22+00:00	app.system_event	{"message":" | {\"frida_heap_size\":20,\"memory_private_dirty\":\"52 MB\",\"memory_total\":\"316 MB\"}","tag":"app.system_event"}
2021-07-06T11:06:24+00:00	app.system_event	{"message":" | {\"frida_heap_size\":20,\"memory_private_dirty\":\"52 MB\",\"memory_total\":\"316 MB\"}","tag":"app.system_event"}
2021-07-06T11:06:26+00:00	app.system_event	{"message":" | {\"frida_heap_size\":20,\"memory_private_dirty\":\"52 MB\",\"memory_total\":\"316 MB\"}","tag":"app.system_event"}
2021-07-06T11:06:28+00:00	app.system_event	{"message":" | {\"frida_heap_size\":20,\"memory_private_dirty\":\"52 MB\",\"memory_total\":\"316 MB\"}","tag":"app.system_event"}
2021-07-06T11:06:30+00:00	app.system_event	{"message":" | {\"frida_heap_size\":20,\"memory_private_dirty\":\"52 MB\",\"memory_total\":\"317 MB\"}","tag":"app.system_event"}
2021-07-06T11:06:32+00:00	app.system_event	{"message":" | {\"frida_heap_size\":20,\"memory_private_dirty\":\"52 MB\",\"memory_total\":\"317 MB\"}","tag":"app.system_event"}
2021-07-06T11:06:34+00:00	app.system_event	{"message":" | {\"frida_heap_size\":20,\"memory_private_dirty\":\"52 MB\",\"memory_total\":\"317 MB\"}","tag":"app.system_event"}
2021-07-06T11:06:36+00:00	app.system_event	{"message":" | {\"frida_heap_size\":20,\"memory_private_dirty\":\"52 MB\",\"memory_total\":\"317 MB\"}","tag":"app.system_event"}
2021-07-06T11:06:38+00:00	app.system_event	{"message":" | {\"frida_heap_size\":20,\"memory_private_dirty\":\"52 MB\",\"memory_total\":\"318 MB\"}","tag":"app.system_event"}
2021-07-06T11:06:40+00:00	app.system_event	{"message":" | {\"frida_heap_size\":20,\"memory_private_dirty\":\"52 MB\",\"memory_total\":\"318 MB\"}","tag":"app.system_event"}
2021-07-06T11:06:42+00:00	app.system_event	{"message":" | {\"frida_heap_size\":20,\"memory_private_dirty\":\"52 MB\",\"memory_total\":\"318 MB\"}","tag":"app.system_event"}
2021-07-06T11:06:44+00:00	app.system_event	{"message":" | {\"frida_heap_size\":20,\"memory_private_dirty\":\"52 MB\",\"memory_total\":\"318 MB\"}","tag":"app.system_event"}
2021-07-06T11:06:46+00:00	app.system_event	{"message":" | {\"frida_heap_size\":20,\"memory_private_dirty\":\"52 MB\",\"memory_total\":\"318 MB\"}","tag":"app.system_event"}
2021-07-06T11:06:48+00:00	app.system_event	{"message":" | {\"frida_heap_size\":20,\"memory_private_dirty\":\"52 MB\",\"memory_total\":\"318 MB\"}","tag":"app.system_event"}
2021-07-06T11:06:50+00:00	app.system_event	{"message":" | {\"frida_heap_size\":20,\"memory_private_dirty\":\"52 MB\",\"memory_total\":\"318 MB\"}","tag":"app.system_event"}
2021-07-06T11:06:52+00:00	app.system_event	{"message":" | {\"frida_heap_size\":20,\"memory_private_dirty\":\"52 MB\",\"memory_total\":\"319 MB\"}","tag":"app.system_event"}
2021-07-06T11:06:54+00:00	app.system_event	{"message":" | {\"frida_heap_size\":20,\"memory_private_dirty\":\"52 MB\",\"memory_total\":\"319 MB\"}","tag":"app.system_event"}
2021-07-06T11:08:56+00:00	app.system_event	{"message":" | {\"frida_heap_size\":24,\"memory_private_dirty\":\"56 MB\",\"memory_total\":\"215 MB\"}","tag":"app.system_event"}
2021-07-06T11:08:56+00:00	app.system_event	{"message":" | [object Object]","tag":"app.system_event"}
2021-07-06T11:08:58+00:00	app.system_event	{"message":" | {\"frida_heap_size\":24,\"memory_private_dirty\":\"56 MB\",\"memory_total\":\"215 MB\"}","tag":"app.system_event"}
2021-07-06T11:09:00+00:00	app.system_event	{"message":" | {\"frida_heap_size\":24,\"memory_private_dirty\":\"56 MB\",\"memory_total\":\"215 MB\"}","tag":"app.system_event"}
2021-07-06T11:09:02+00:00	app.system_event	{"message":" | {\"frida_heap_size\":24,\"memory_private_dirty\":\"56 MB\",\"memory_total\":\"215 MB\"}","tag":"app.system_event"}
2021-07-06T11:09:04+00:00	app.system_event	{"message":" | {\"frida_heap_size\":24,\"memory_private_dirty\":\"56 MB\",\"memory_total\":\"215 MB\"}","tag":"app.system_event"}
2021-07-06T11:09:06+00:00	app.system_event	{"message":" | {\"frida_heap_size\":24,\"memory_private_dirty\":\"56 MB\",\"memory_total\":\"215 MB\"}","tag":"app.system_event"}
2021-07-06T11:09:08+00:00	app.system_event	{"message":" | {\"frida_heap_size\":24,\"memory_private_dirty\":\"56 MB\",\"memory_total\":\"215 MB\"}","tag":"app.system_event"}
2021-07-06T11:09:10+00:00	app.system_event	{"message":" | {\"frida_heap_size\":24,\"memory_private_dirty\":\"56 MB\",\"memory_total\":\"215 MB\"}","tag":"app.system_event"}
2021-07-06T11:09:12+00:00	app.system_event	{"message":" | {\"frida_heap_size\":24,\"memory_private_dirty\":\"56 MB\",\"memory_total\":\"215 MB\"}","tag":"app.system_event"}
2021-07-06T11:09:14+00:00	app.system_event	{"message":" | {\"frida_heap_size\":24,\"memory_private_dirty\":\"56 MB\",\"memory_total\":\"215 MB\"}","tag":"app.system_event"}
2021-07-06T11:09:16+00:00	app.system_event	{"message":" | {\"frida_heap_size\":24,\"memory_private_dirty\":\"56 MB\",\"memory_total\":\"215 MB\"}","tag":"app.system_event"}
2021-07-06T11:09:18+00:00	app.system_event	{"message":" | {\"frida_heap_size\":24,\"memory_private_dirty\":\"56 MB\",\"memory_total\":\"215 MB\"}","tag":"app.system_event"}
2021-07-06T11:09:20+00:00	app.system_event	{"message":" | {\"frida_heap_size\":24,\"memory_private_dirty\":\"56 MB\",\"memory_total\":\"215 MB\"}","tag":"app.system_event"}
2021-07-06T11:09:22+00:00	app.system_event	{"message":" | {\"frida_heap_size\":24,\"memory_private_dirty\":\"56 MB\",\"memory_total\":\"215 MB\"}","tag":"app.system_event"}
2021-07-06T11:09:24+00:00	app.system_event	{"message":" | {\"frida_heap_size\":24,\"memory_private_dirty\":\"56 MB\",\"memory_total\":\"215 MB\"}","tag":"app.system_event"}
2021-07-06T11:09:26+00:00	app.system_event	{"message":" | {\"frida_heap_size\":24,\"memory_private_dirty\":\"56 MB\",\"memory_total\":\"215 MB\"}","tag":"app.system_event"}
2021-07-06T11:09:30+00:00	app.system_event	{"message":" | {\"frida_heap_size\":25,\"memory_private_dirty\":\"56 MB\",\"memory_total\":\"217 MB\"}","tag":"app.system_event"}
2021-07-06T11:09:30+00:00	app.system_init	{"message":" | [object Object]","tag":"app.system_init"}
2021-07-06T11:09:32+00:00	app.system_event	{"message":" | {\"frida_heap_size\":25,\"memory_private_dirty\":\"56 MB\",\"memory_total\":\"217 MB\"}","tag":"app.system_event"}
2021-07-06T11:09:34+00:00	app.system_event	{"message":" | {\"frida_heap_size\":25,\"memory_private_dirty\":\"56 MB\",\"memory_total\":\"217 MB\"}","tag":"app.system_event"}
2021-07-06T11:09:36+00:00	app.system_event	{"message":" | {\"frida_heap_size\":25,\"memory_private_dirty\":\"56 MB\",\"memory_total\":\"217 MB\"}","tag":"app.system_event"}
2021-07-06T11:09:38+00:00	app.system_event	{"message":" | {\"frida_heap_size\":25,\"memory_private_dirty\":\"56 MB\",\"memory_total\":\"217 MB\"}","tag":"app.system_event"}
2021-07-06T11:09:40+00:00	app.system_event	{"message":" | {\"frida_heap_size\":25,\"memory_private_dirty\":\"56 MB\",\"memory_total\":\"217 MB\"}","tag":"app.system_event"}
2021-07-06T11:09:47+00:00	app.system_event	{"message":" | {\"frida_heap_size\":35,\"memory_private_dirty\":\"56 MB\",\"memory_total\":\"221 MB\"}","tag":"app.system_event"}
2021-07-06T11:09:47+00:00	app.system_init	{"message":" | [object Object]","tag":"app.system_init"}
2021-07-06T11:09:49+00:00	app.system_event	{"message":" | {\"frida_heap_size\":27,\"memory_private_dirty\":\"56 MB\",\"memory_total\":\"219 MB\"}","tag":"app.system_event"}
2021-07-06T11:09:49+00:00	app.system_init	{"message":" | [object Object]","tag":"app.system_init"}
2021-07-06T11:09:52+00:00	app.system_event	{"message":" | {\"frida_heap_size\":36,\"memory_private_dirty\":\"56 MB\",\"memory_total\":\"222 MB\"}","tag":"app.system_event"}
2021-07-06T11:09:52+00:00	app.system_init	{"message":" | [object Object]","tag":"app.system_init"}
2021-07-06T11:09:56+00:00	app.system_event	{"message":" | {\"frida_heap_size\":28,\"memory_private_dirty\":\"56 MB\",\"memory_total\":\"222 MB\"}","tag":"app.system_event"}
2021-07-06T11:09:56+00:00	app.system_init	{"message":" | [object Object]","tag":"app.system_init"}
2021-07-06T11:09:58+00:00	app.system_event	{"message":" | {\"frida_heap_size\":28,\"memory_private_dirty\":\"56 MB\",\"memory_total\":\"222 MB\"}","tag":"app.system_event"}
2021-07-06T11:10:00+00:00	app.system_event	{"message":" | {\"frida_heap_size\":28,\"memory_private_dirty\":\"56 MB\",\"memory_total\":\"222 MB\"}","tag":"app.system_event"}
2021-07-06T11:10:02+00:00	app.system_event	{"message":" | {\"frida_heap_size\":28,\"memory_private_dirty\":\"56 MB\",\"memory_total\":\"222 MB\"}","tag":"app.system_event"}
2021-07-06T11:10:04+00:00	app.system_event	{"message":" | {\"frida_heap_size\":28,\"memory_private_dirty\":\"56 MB\",\"memory_total\":\"222 MB\"}","tag":"app.system_event"}
2021-07-06T11:10:06+00:00	app.system_event	{"message":" | {\"frida_heap_size\":28,\"memory_private_dirty\":\"56 MB\",\"memory_total\":\"222 MB\"}","tag":"app.system_event"}
2021-07-06T11:10:08+00:00	app.system_event	{"message":" | {\"frida_heap_size\":28,\"memory_private_dirty\":\"56 MB\",\"memory_total\":\"222 MB\"}","tag":"app.system_event"}
2021-07-06T11:10:10+00:00	app.system_event	{"message":" | {\"frida_heap_size\":28,\"memory_private_dirty\":\"56 MB\",\"memory_total\":\"222 MB\"}","tag":"app.system_event"}
2021-07-06T11:10:12+00:00	app.system_event	{"message":" | {\"frida_heap_size\":28,\"memory_private_dirty\":\"56 MB\",\"memory_total\":\"222 MB\"}","tag":"app.system_event"}
